[2025-10-19 01:43:51] This is codeql database index-files --include-extension=.yaml --include-extension=.yml --size-limit=5m --language yaml -- /Users/arinmehta/Documents/GitHub/STT/Assignment-2/manim-db
[2025-10-19 01:43:51] Log file was started late.
[2025-10-19 01:43:51] Using index-files script /opt/homebrew/Caskroom/codeql/2.23.3/codeql/yaml/tools/index-files.sh.
[2025-10-19 01:43:51] [PROGRESS] database index-files> Scanning for files in /Users/arinmehta/Documents/GitHub/STT/Assignment-2/manim...
[2025-10-19 01:43:51] Calling plumbing command: codeql resolve files --include-extension=.yaml --include-extension=.yml --size-limit=5m /Users/arinmehta/Documents/GitHub/STT/Assignment-2/manim --format=json
[2025-10-19 01:43:51] [PROGRESS] resolve files> Scanning /Users/arinmehta/Documents/GitHub/STT/Assignment-2/manim...
[2025-10-19 01:43:51] [PROGRESS] resolve files> Scanning /Users/arinmehta/Documents/GitHub/STT/Assignment-2/manim/manimlib...
[2025-10-19 01:43:51] [PROGRESS] resolve files> Scanning /Users/arinmehta/Documents/GitHub/STT/Assignment-2/manim/manimlib/event_handler...
[2025-10-19 01:43:51] [PROGRESS] resolve files> Scanning /Users/arinmehta/Documents/GitHub/STT/Assignment-2/manim/manimlib/event_handler/__pycache__...
[2025-10-19 01:43:51] [PROGRESS] resolve files> Scanning /Users/arinmehta/Documents/GitHub/STT/Assignment-2/manim/manimlib/camera...
[2025-10-19 01:43:51] [PROGRESS] resolve files> Scanning /Users/arinmehta/Documents/GitHub/STT/Assignment-2/manim/manimlib/camera/__pycache__...
[2025-10-19 01:43:51] [PROGRESS] resolve files> Scanning /Users/arinmehta/Documents/GitHub/STT/Assignment-2/manim/manimlib/animation...
[2025-10-19 01:43:51] [PROGRESS] resolve files> Scanning /Users/arinmehta/Documents/GitHub/STT/Assignment-2/manim/manimlib/animation/__pycache__...
[2025-10-19 01:43:51] [PROGRESS] resolve files> Scanning /Users/arinmehta/Documents/GitHub/STT/Assignment-2/manim/manimlib/utils...
[2025-10-19 01:43:51] [PROGRESS] resolve files> Scanning /Users/arinmehta/Documents/GitHub/STT/Assignment-2/manim/manimlib/utils/__pycache__...
[2025-10-19 01:43:51] [PROGRESS] resolve files> Scanning /Users/arinmehta/Documents/GitHub/STT/Assignment-2/manim/manimlib/__pycache__...
[2025-10-19 01:43:51] [PROGRESS] resolve files> Scanning /Users/arinmehta/Documents/GitHub/STT/Assignment-2/manim/manimlib/shaders...
[2025-10-19 01:43:51] [PROGRESS] resolve files> Scanning /Users/arinmehta/Documents/GitHub/STT/Assignment-2/manim/manimlib/shaders/quadratic_bezier...
[2025-10-19 01:43:51] [PROGRESS] resolve files> Scanning /Users/arinmehta/Documents/GitHub/STT/Assignment-2/manim/manimlib/shaders/quadratic_bezier/depth...
[2025-10-19 01:43:51] [PROGRESS] resolve files> Scanning /Users/arinmehta/Documents/GitHub/STT/Assignment-2/manim/manimlib/shaders/quadratic_bezier/fill...
[2025-10-19 01:43:51] [PROGRESS] resolve files> Scanning /Users/arinmehta/Documents/GitHub/STT/Assignment-2/manim/manimlib/shaders/quadratic_bezier/stroke...
[2025-10-19 01:43:51] [PROGRESS] resolve files> Scanning /Users/arinmehta/Documents/GitHub/STT/Assignment-2/manim/manimlib/shaders/mandelbrot_fractal...
[2025-10-19 01:43:51] [PROGRESS] resolve files> Scanning /Users/arinmehta/Documents/GitHub/STT/Assignment-2/manim/manimlib/shaders/textured_surface...
[2025-10-19 01:43:51] [PROGRESS] resolve files> Scanning /Users/arinmehta/Documents/GitHub/STT/Assignment-2/manim/manimlib/shaders/surface...
[2025-10-19 01:43:51] [PROGRESS] resolve files> Scanning /Users/arinmehta/Documents/GitHub/STT/Assignment-2/manim/manimlib/shaders/image...
[2025-10-19 01:43:51] [PROGRESS] resolve files> Scanning /Users/arinmehta/Documents/GitHub/STT/Assignment-2/manim/manimlib/shaders/newton_fractal...
[2025-10-19 01:43:51] [PROGRESS] resolve files> Scanning /Users/arinmehta/Documents/GitHub/STT/Assignment-2/manim/manimlib/shaders/true_dot...
[2025-10-19 01:43:51] [PROGRESS] resolve files> Scanning /Users/arinmehta/Documents/GitHub/STT/Assignment-2/manim/manimlib/shaders/inserts...
[2025-10-19 01:43:51] [PROGRESS] resolve files> Scanning /Users/arinmehta/Documents/GitHub/STT/Assignment-2/manim/manimlib/scene...
[2025-10-19 01:43:51] [PROGRESS] resolve files> Scanning /Users/arinmehta/Documents/GitHub/STT/Assignment-2/manim/manimlib/scene/__pycache__...
[2025-10-19 01:43:51] [PROGRESS] resolve files> Scanning /Users/arinmehta/Documents/GitHub/STT/Assignment-2/manim/manimlib/mobject...
[2025-10-19 01:43:51] [PROGRESS] resolve files> Scanning /Users/arinmehta/Documents/GitHub/STT/Assignment-2/manim/manimlib/mobject/svg...
[2025-10-19 01:43:51] [PROGRESS] resolve files> Scanning /Users/arinmehta/Documents/GitHub/STT/Assignment-2/manim/manimlib/mobject/svg/__pycache__...
[2025-10-19 01:43:51] [PROGRESS] resolve files> Scanning /Users/arinmehta/Documents/GitHub/STT/Assignment-2/manim/manimlib/mobject/types...
[2025-10-19 01:43:51] [PROGRESS] resolve files> Scanning /Users/arinmehta/Documents/GitHub/STT/Assignment-2/manim/manimlib/mobject/types/__pycache__...
[2025-10-19 01:43:51] [PROGRESS] resolve files> Scanning /Users/arinmehta/Documents/GitHub/STT/Assignment-2/manim/manimlib/mobject/__pycache__...
[2025-10-19 01:43:51] [PROGRESS] resolve files> Scanning /Users/arinmehta/Documents/GitHub/STT/Assignment-2/manim/__pycache__...
[2025-10-19 01:43:51] [PROGRESS] resolve files> Scanning /Users/arinmehta/Documents/GitHub/STT/Assignment-2/manim/docs...
[2025-10-19 01:43:51] [PROGRESS] resolve files> Scanning /Users/arinmehta/Documents/GitHub/STT/Assignment-2/manim/docs/source...
[2025-10-19 01:43:51] [PROGRESS] resolve files> Scanning /Users/arinmehta/Documents/GitHub/STT/Assignment-2/manim/docs/source/documentation...
[2025-10-19 01:43:51] [PROGRESS] resolve files> Scanning /Users/arinmehta/Documents/GitHub/STT/Assignment-2/manim/docs/source/documentation/camera...
[2025-10-19 01:43:51] [PROGRESS] resolve files> Scanning /Users/arinmehta/Documents/GitHub/STT/Assignment-2/manim/docs/source/documentation/animation...
[2025-10-19 01:43:51] [PROGRESS] resolve files> Scanning /Users/arinmehta/Documents/GitHub/STT/Assignment-2/manim/docs/source/documentation/utils...
[2025-10-19 01:43:51] [PROGRESS] resolve files> Scanning /Users/arinmehta/Documents/GitHub/STT/Assignment-2/manim/docs/source/documentation/shaders...
[2025-10-19 01:43:51] [PROGRESS] resolve files> Scanning /Users/arinmehta/Documents/GitHub/STT/Assignment-2/manim/docs/source/documentation/scene...
[2025-10-19 01:43:51] [PROGRESS] resolve files> Scanning /Users/arinmehta/Documents/GitHub/STT/Assignment-2/manim/docs/source/documentation/mobject...
[2025-10-19 01:43:51] [PROGRESS] resolve files> Scanning /Users/arinmehta/Documents/GitHub/STT/Assignment-2/manim/docs/source/development...
[2025-10-19 01:43:51] [PROGRESS] resolve files> Scanning /Users/arinmehta/Documents/GitHub/STT/Assignment-2/manim/docs/source/_static...
[2025-10-19 01:43:51] [PROGRESS] resolve files> Scanning /Users/arinmehta/Documents/GitHub/STT/Assignment-2/manim/docs/source/__pycache__...
[2025-10-19 01:43:51] [PROGRESS] resolve files> Scanning /Users/arinmehta/Documents/GitHub/STT/Assignment-2/manim/docs/source/getting_started...
[2025-10-19 01:43:51] [PROGRESS] resolve files> Scanning /Users/arinmehta/Documents/GitHub/STT/Assignment-2/manim/docs/__pycache__...
[2025-10-19 01:43:51] [PROGRESS] resolve files> Scanning /Users/arinmehta/Documents/GitHub/STT/Assignment-2/manim/logo...
[2025-10-19 01:43:51] [PROGRESS] resolve files> Scanning /Users/arinmehta/Documents/GitHub/STT/Assignment-2/manim/logo/__pycache__...
[2025-10-19 01:43:51] [PROGRESS] resolve files> Scanning /Users/arinmehta/Documents/GitHub/STT/Assignment-2/manim/.github...
[2025-10-19 01:43:51] [PROGRESS] resolve files> Scanning /Users/arinmehta/Documents/GitHub/STT/Assignment-2/manim/.github/workflows...
[2025-10-19 01:43:51] [PROGRESS] resolve files> Scanning /Users/arinmehta/Documents/GitHub/STT/Assignment-2/manim/.github/ISSUE_TEMPLATE...
[2025-10-19 01:43:51] [PROGRESS] resolve files> Scanning /Users/arinmehta/Documents/GitHub/STT/Assignment-2/manim/.git...
[2025-10-19 01:43:51] [PROGRESS] resolve files> Scanning /Users/arinmehta/Documents/GitHub/STT/Assignment-2/manim/.git/objects...
[2025-10-19 01:43:51] [PROGRESS] resolve files> Scanning /Users/arinmehta/Documents/GitHub/STT/Assignment-2/manim/.git/objects/pack...
[2025-10-19 01:43:51] [PROGRESS] resolve files> Scanning /Users/arinmehta/Documents/GitHub/STT/Assignment-2/manim/.git/objects/info...
[2025-10-19 01:43:51] [PROGRESS] resolve files> Scanning /Users/arinmehta/Documents/GitHub/STT/Assignment-2/manim/.git/info...
[2025-10-19 01:43:51] [PROGRESS] resolve files> Scanning /Users/arinmehta/Documents/GitHub/STT/Assignment-2/manim/.git/logs...
[2025-10-19 01:43:51] [PROGRESS] resolve files> Scanning /Users/arinmehta/Documents/GitHub/STT/Assignment-2/manim/.git/logs/refs...
[2025-10-19 01:43:51] [PROGRESS] resolve files> Scanning /Users/arinmehta/Documents/GitHub/STT/Assignment-2/manim/.git/logs/refs/heads...
[2025-10-19 01:43:51] [PROGRESS] resolve files> Scanning /Users/arinmehta/Documents/GitHub/STT/Assignment-2/manim/.git/logs/refs/remotes...
[2025-10-19 01:43:51] [PROGRESS] resolve files> Scanning /Users/arinmehta/Documents/GitHub/STT/Assignment-2/manim/.git/logs/refs/remotes/origin...
[2025-10-19 01:43:51] [PROGRESS] resolve files> Scanning /Users/arinmehta/Documents/GitHub/STT/Assignment-2/manim/.git/hooks...
[2025-10-19 01:43:51] [PROGRESS] resolve files> Scanning /Users/arinmehta/Documents/GitHub/STT/Assignment-2/manim/.git/refs...
[2025-10-19 01:43:51] [PROGRESS] resolve files> Scanning /Users/arinmehta/Documents/GitHub/STT/Assignment-2/manim/.git/refs/heads...
[2025-10-19 01:43:51] [PROGRESS] resolve files> Scanning /Users/arinmehta/Documents/GitHub/STT/Assignment-2/manim/.git/refs/tags...
[2025-10-19 01:43:51] [PROGRESS] resolve files> Scanning /Users/arinmehta/Documents/GitHub/STT/Assignment-2/manim/.git/refs/remotes...
[2025-10-19 01:43:51] [PROGRESS] resolve files> Scanning /Users/arinmehta/Documents/GitHub/STT/Assignment-2/manim/.git/refs/remotes/origin...
[2025-10-19 01:43:51] Plumbing command codeql resolve files completed:
                      [
                        "/Users/arinmehta/Documents/GitHub/STT/Assignment-2/manim/.github/ISSUE_TEMPLATE/config.yml",
                        "/Users/arinmehta/Documents/GitHub/STT/Assignment-2/manim/.github/workflows/docs.yml",
                        "/Users/arinmehta/Documents/GitHub/STT/Assignment-2/manim/.github/workflows/publish.yml",
                        "/Users/arinmehta/Documents/GitHub/STT/Assignment-2/manim/manimlib/default_config.yml",
                        "/Users/arinmehta/Documents/GitHub/STT/Assignment-2/manim/manimlib/tex_templates.yml"
                      ]
[2025-10-19 01:43:51] [DETAILS] database index-files> Found 5 files.
[2025-10-19 01:43:51] [PROGRESS] database index-files> /Users/arinmehta/Documents/GitHub/STT/Assignment-2/manim-db: Indexing files in in /Users/arinmehta/Documents/GitHub/STT/Assignment-2/manim...
[2025-10-19 01:43:51] Using index-files script /opt/homebrew/Caskroom/codeql/2.23.3/codeql/yaml/tools/index-files.sh.
[2025-10-19 01:43:51] [PROGRESS] database index-files> Running command in /Users/arinmehta/Documents/GitHub/STT/Assignment-2/manim: [/opt/homebrew/Caskroom/codeql/2.23.3/codeql/yaml/tools/index-files.sh, /Users/arinmehta/Documents/GitHub/STT/Assignment-2/manim-db/working/files-to-index4567586835522285571.list]
[2025-10-19 01:43:52] Terminating normally.
