[2025-10-19 02:00:41] This is codeql database index-files --include-extension=.yaml --include-extension=.yml --size-limit=5m --language yaml -- /Users/arinmehta/Documents/GitHub/STT/Assignment-2/gunicorn-db
[2025-10-19 02:00:41] Log file was started late.
[2025-10-19 02:00:41] Using index-files script /opt/homebrew/Caskroom/codeql/2.23.3/codeql/yaml/tools/index-files.sh.
[2025-10-19 02:00:41] [PROGRESS] database index-files> Scanning for files in /Users/arinmehta/Documents/GitHub/STT/Assignment-2/gunicorn...
[2025-10-19 02:00:41] Calling plumbing command: codeql resolve files --include-extension=.yaml --include-extension=.yml --size-limit=5m /Users/arinmehta/Documents/GitHub/STT/Assignment-2/gunicorn --format=json
[2025-10-19 02:00:41] [PROGRESS] resolve files> Scanning /Users/arinmehta/Documents/GitHub/STT/Assignment-2/gunicorn...
[2025-10-19 02:00:41] [PROGRESS] resolve files> Scanning /Users/arinmehta/Documents/GitHub/STT/Assignment-2/gunicorn/tests...
[2025-10-19 02:00:41] [PROGRESS] resolve files> Scanning /Users/arinmehta/Documents/GitHub/STT/Assignment-2/gunicorn/tests/config...
[2025-10-19 02:00:41] [PROGRESS] resolve files> Scanning /Users/arinmehta/Documents/GitHub/STT/Assignment-2/gunicorn/tests/config/__pycache__...
[2025-10-19 02:00:41] [PROGRESS] resolve files> Scanning /Users/arinmehta/Documents/GitHub/STT/Assignment-2/gunicorn/tests/__pycache__...
[2025-10-19 02:00:41] [PROGRESS] resolve files> Scanning /Users/arinmehta/Documents/GitHub/STT/Assignment-2/gunicorn/tests/requests...
[2025-10-19 02:00:41] [PROGRESS] resolve files> Scanning /Users/arinmehta/Documents/GitHub/STT/Assignment-2/gunicorn/tests/requests/valid...
[2025-10-19 02:00:41] [PROGRESS] resolve files> Scanning /Users/arinmehta/Documents/GitHub/STT/Assignment-2/gunicorn/tests/requests/valid/__pycache__...
[2025-10-19 02:00:41] [PROGRESS] resolve files> Scanning /Users/arinmehta/Documents/GitHub/STT/Assignment-2/gunicorn/tests/requests/invalid...
[2025-10-19 02:00:41] [PROGRESS] resolve files> Scanning /Users/arinmehta/Documents/GitHub/STT/Assignment-2/gunicorn/tests/requests/invalid/__pycache__...
[2025-10-19 02:00:41] [PROGRESS] resolve files> Scanning /Users/arinmehta/Documents/GitHub/STT/Assignment-2/gunicorn/tests/workers...
[2025-10-19 02:00:41] [PROGRESS] resolve files> Scanning /Users/arinmehta/Documents/GitHub/STT/Assignment-2/gunicorn/tests/workers/__pycache__...
[2025-10-19 02:00:41] [PROGRESS] resolve files> Scanning /Users/arinmehta/Documents/GitHub/STT/Assignment-2/gunicorn/gunicorn...
[2025-10-19 02:00:41] [PROGRESS] resolve files> Scanning /Users/arinmehta/Documents/GitHub/STT/Assignment-2/gunicorn/gunicorn/app...
[2025-10-19 02:00:41] [PROGRESS] resolve files> Scanning /Users/arinmehta/Documents/GitHub/STT/Assignment-2/gunicorn/gunicorn/app/__pycache__...
[2025-10-19 02:00:41] [PROGRESS] resolve files> Scanning /Users/arinmehta/Documents/GitHub/STT/Assignment-2/gunicorn/gunicorn/instrument...
[2025-10-19 02:00:41] [PROGRESS] resolve files> Scanning /Users/arinmehta/Documents/GitHub/STT/Assignment-2/gunicorn/gunicorn/instrument/__pycache__...
[2025-10-19 02:00:41] [PROGRESS] resolve files> Scanning /Users/arinmehta/Documents/GitHub/STT/Assignment-2/gunicorn/gunicorn/__pycache__...
[2025-10-19 02:00:41] [PROGRESS] resolve files> Scanning /Users/arinmehta/Documents/GitHub/STT/Assignment-2/gunicorn/gunicorn/http...
[2025-10-19 02:00:41] [PROGRESS] resolve files> Scanning /Users/arinmehta/Documents/GitHub/STT/Assignment-2/gunicorn/gunicorn/http/__pycache__...
[2025-10-19 02:00:41] [PROGRESS] resolve files> Scanning /Users/arinmehta/Documents/GitHub/STT/Assignment-2/gunicorn/gunicorn/workers...
[2025-10-19 02:00:41] [PROGRESS] resolve files> Scanning /Users/arinmehta/Documents/GitHub/STT/Assignment-2/gunicorn/gunicorn/workers/__pycache__...
[2025-10-19 02:00:41] [PROGRESS] resolve files> Scanning /Users/arinmehta/Documents/GitHub/STT/Assignment-2/gunicorn/docs...
[2025-10-19 02:00:41] [PROGRESS] resolve files> Scanning /Users/arinmehta/Documents/GitHub/STT/Assignment-2/gunicorn/docs/source...
[2025-10-19 02:00:41] [PROGRESS] resolve files> Scanning /Users/arinmehta/Documents/GitHub/STT/Assignment-2/gunicorn/docs/source/_static...
[2025-10-19 02:00:41] [PROGRESS] resolve files> Scanning /Users/arinmehta/Documents/GitHub/STT/Assignment-2/gunicorn/docs/source/__pycache__...
[2025-10-19 02:00:41] [PROGRESS] resolve files> Scanning /Users/arinmehta/Documents/GitHub/STT/Assignment-2/gunicorn/docs/__pycache__...
[2025-10-19 02:00:41] [PROGRESS] resolve files> Scanning /Users/arinmehta/Documents/GitHub/STT/Assignment-2/gunicorn/docs/logo...
[2025-10-19 02:00:41] [PROGRESS] resolve files> Scanning /Users/arinmehta/Documents/GitHub/STT/Assignment-2/gunicorn/docs/site...
[2025-10-19 02:00:41] [PROGRESS] resolve files> Scanning /Users/arinmehta/Documents/GitHub/STT/Assignment-2/gunicorn/docs/site/css...
[2025-10-19 02:00:41] [PROGRESS] resolve files> Scanning /Users/arinmehta/Documents/GitHub/STT/Assignment-2/gunicorn/docs/site/images...
[2025-10-19 02:00:41] [PROGRESS] resolve files> Scanning /Users/arinmehta/Documents/GitHub/STT/Assignment-2/gunicorn/docs/site/js...
[2025-10-19 02:00:41] [PROGRESS] resolve files> Scanning /Users/arinmehta/Documents/GitHub/STT/Assignment-2/gunicorn/examples...
[2025-10-19 02:00:41] [PROGRESS] resolve files> Scanning /Users/arinmehta/Documents/GitHub/STT/Assignment-2/gunicorn/examples/websocket...
[2025-10-19 02:00:41] [PROGRESS] resolve files> Scanning /Users/arinmehta/Documents/GitHub/STT/Assignment-2/gunicorn/examples/websocket/__pycache__...
[2025-10-19 02:00:41] [PROGRESS] resolve files> Scanning /Users/arinmehta/Documents/GitHub/STT/Assignment-2/gunicorn/examples/deep...
[2025-10-19 02:00:41] [PROGRESS] resolve files> Scanning /Users/arinmehta/Documents/GitHub/STT/Assignment-2/gunicorn/examples/deep/__pycache__...
[2025-10-19 02:00:41] [PROGRESS] resolve files> Scanning /Users/arinmehta/Documents/GitHub/STT/Assignment-2/gunicorn/examples/__pycache__...
[2025-10-19 02:00:41] [PROGRESS] resolve files> Scanning /Users/arinmehta/Documents/GitHub/STT/Assignment-2/gunicorn/examples/frameworks...
[2025-10-19 02:00:41] [PROGRESS] resolve files> Scanning /Users/arinmehta/Documents/GitHub/STT/Assignment-2/gunicorn/examples/frameworks/__pycache__...
[2025-10-19 02:00:41] [PROGRESS] resolve files> Scanning /Users/arinmehta/Documents/GitHub/STT/Assignment-2/gunicorn/examples/frameworks/django...
[2025-10-19 02:00:41] [PROGRESS] resolve files> Scanning /Users/arinmehta/Documents/GitHub/STT/Assignment-2/gunicorn/examples/frameworks/django/testing...
[2025-10-19 02:00:41] [PROGRESS] resolve files> Scanning /Users/arinmehta/Documents/GitHub/STT/Assignment-2/gunicorn/examples/frameworks/django/testing/__pycache__...
[2025-10-19 02:00:41] [PROGRESS] resolve files> Scanning /Users/arinmehta/Documents/GitHub/STT/Assignment-2/gunicorn/examples/frameworks/django/testing/testing...
[2025-10-19 02:00:41] [PROGRESS] resolve files> Scanning /Users/arinmehta/Documents/GitHub/STT/Assignment-2/gunicorn/examples/frameworks/django/testing/testing/__pycache__...
[2025-10-19 02:00:41] [PROGRESS] resolve files> Scanning /Users/arinmehta/Documents/GitHub/STT/Assignment-2/gunicorn/examples/frameworks/django/testing/testing/apps...
[2025-10-19 02:00:41] [PROGRESS] resolve files> Scanning /Users/arinmehta/Documents/GitHub/STT/Assignment-2/gunicorn/examples/frameworks/django/testing/testing/apps/someapp...
[2025-10-19 02:00:41] [PROGRESS] resolve files> Scanning /Users/arinmehta/Documents/GitHub/STT/Assignment-2/gunicorn/examples/frameworks/django/testing/testing/apps/someapp/__pycache__...
[2025-10-19 02:00:41] [PROGRESS] resolve files> Scanning /Users/arinmehta/Documents/GitHub/STT/Assignment-2/gunicorn/examples/frameworks/django/testing/testing/apps/someapp/templates...
[2025-10-19 02:00:41] [PROGRESS] resolve files> Scanning /Users/arinmehta/Documents/GitHub/STT/Assignment-2/gunicorn/examples/frameworks/django/testing/testing/apps/__pycache__...
[2025-10-19 02:00:41] [PROGRESS] resolve files> Scanning /Users/arinmehta/Documents/GitHub/STT/Assignment-2/gunicorn/scripts...
[2025-10-19 02:00:41] [PROGRESS] resolve files> Scanning /Users/arinmehta/Documents/GitHub/STT/Assignment-2/gunicorn/scripts/__pycache__...
[2025-10-19 02:00:41] [PROGRESS] resolve files> Scanning /Users/arinmehta/Documents/GitHub/STT/Assignment-2/gunicorn/.github...
[2025-10-19 02:00:41] [PROGRESS] resolve files> Scanning /Users/arinmehta/Documents/GitHub/STT/Assignment-2/gunicorn/.github/workflows...
[2025-10-19 02:00:41] [PROGRESS] resolve files> Scanning /Users/arinmehta/Documents/GitHub/STT/Assignment-2/gunicorn/.git...
[2025-10-19 02:00:41] [PROGRESS] resolve files> Scanning /Users/arinmehta/Documents/GitHub/STT/Assignment-2/gunicorn/.git/objects...
[2025-10-19 02:00:41] [PROGRESS] resolve files> Scanning /Users/arinmehta/Documents/GitHub/STT/Assignment-2/gunicorn/.git/objects/pack...
[2025-10-19 02:00:41] [PROGRESS] resolve files> Scanning /Users/arinmehta/Documents/GitHub/STT/Assignment-2/gunicorn/.git/objects/info...
[2025-10-19 02:00:41] [PROGRESS] resolve files> Scanning /Users/arinmehta/Documents/GitHub/STT/Assignment-2/gunicorn/.git/info...
[2025-10-19 02:00:41] [PROGRESS] resolve files> Scanning /Users/arinmehta/Documents/GitHub/STT/Assignment-2/gunicorn/.git/logs...
[2025-10-19 02:00:41] [PROGRESS] resolve files> Scanning /Users/arinmehta/Documents/GitHub/STT/Assignment-2/gunicorn/.git/logs/refs...
[2025-10-19 02:00:41] [PROGRESS] resolve files> Scanning /Users/arinmehta/Documents/GitHub/STT/Assignment-2/gunicorn/.git/logs/refs/heads...
[2025-10-19 02:00:41] [PROGRESS] resolve files> Scanning /Users/arinmehta/Documents/GitHub/STT/Assignment-2/gunicorn/.git/logs/refs/remotes...
[2025-10-19 02:00:41] [PROGRESS] resolve files> Scanning /Users/arinmehta/Documents/GitHub/STT/Assignment-2/gunicorn/.git/logs/refs/remotes/origin...
[2025-10-19 02:00:41] [PROGRESS] resolve files> Scanning /Users/arinmehta/Documents/GitHub/STT/Assignment-2/gunicorn/.git/hooks...
[2025-10-19 02:00:41] [PROGRESS] resolve files> Scanning /Users/arinmehta/Documents/GitHub/STT/Assignment-2/gunicorn/.git/refs...
[2025-10-19 02:00:41] [PROGRESS] resolve files> Scanning /Users/arinmehta/Documents/GitHub/STT/Assignment-2/gunicorn/.git/refs/heads...
[2025-10-19 02:00:41] [PROGRESS] resolve files> Scanning /Users/arinmehta/Documents/GitHub/STT/Assignment-2/gunicorn/.git/refs/tags...
[2025-10-19 02:00:41] [PROGRESS] resolve files> Scanning /Users/arinmehta/Documents/GitHub/STT/Assignment-2/gunicorn/.git/refs/remotes...
[2025-10-19 02:00:41] [PROGRESS] resolve files> Scanning /Users/arinmehta/Documents/GitHub/STT/Assignment-2/gunicorn/.git/refs/remotes/origin...
[2025-10-19 02:00:41] Plumbing command codeql resolve files completed:
                      [
                        "/Users/arinmehta/Documents/GitHub/STT/Assignment-2/gunicorn/.github/dependabot.yml",
                        "/Users/arinmehta/Documents/GitHub/STT/Assignment-2/gunicorn/.github/workflows/lint.yml",
                        "/Users/arinmehta/Documents/GitHub/STT/Assignment-2/gunicorn/.github/workflows/tox.yml",
                        "/Users/arinmehta/Documents/GitHub/STT/Assignment-2/gunicorn/.readthedocs.yaml",
                        "/Users/arinmehta/Documents/GitHub/STT/Assignment-2/gunicorn/appveyor.yml"
                      ]
[2025-10-19 02:00:41] [DETAILS] database index-files> Found 5 files.
[2025-10-19 02:00:42] [PROGRESS] database index-files> /Users/arinmehta/Documents/GitHub/STT/Assignment-2/gunicorn-db: Indexing files in in /Users/arinmehta/Documents/GitHub/STT/Assignment-2/gunicorn...
[2025-10-19 02:00:42] Using index-files script /opt/homebrew/Caskroom/codeql/2.23.3/codeql/yaml/tools/index-files.sh.
[2025-10-19 02:00:42] [PROGRESS] database index-files> Running command in /Users/arinmehta/Documents/GitHub/STT/Assignment-2/gunicorn: [/opt/homebrew/Caskroom/codeql/2.23.3/codeql/yaml/tools/index-files.sh, /Users/arinmehta/Documents/GitHub/STT/Assignment-2/gunicorn-db/working/files-to-index9163530856780903263.list]
[2025-10-19 02:00:42] Terminating normally.
