[2025-10-19 20:28:12] This is codeql execute queries -J-Xmx1946M --off-heap-ram=1959 --verbosity=progress --logdir=/Users/arinmehta/Documents/GitHub/STT/Assignment-2/gunicorn-db/log --evaluator-log-level=5 --warnings=show --qlconfig-file=/Users/arinmehta/Documents/GitHub/STT/Assignment-2/gunicorn-db/qlconfig.yml --dynamic-join-order-mode=none --no-rerun --interpret-passthrough=null,--format=sarifv2.1.0,-o=/Users/arinmehta/Documents/GitHub/STT/Assignment-2/gunicorn_codeql_results.sarif,--max-paths=4,--csv-location-format=line-column,--print-diagnostics-summary,--print-metrics-summary,--qlconfig-file=/Users/arinmehta/Documents/GitHub/STT/Assignment-2/gunicorn-db/qlconfig.yml,--,/Users/arinmehta/Documents/GitHub/STT/Assignment-2/gunicorn-db,codeql/python-queries:codeql-suites/python-security-and-quality.qls --output=/Users/arinmehta/Documents/GitHub/STT/Assignment-2/gunicorn-db/results -- /Users/arinmehta/Documents/GitHub/STT/Assignment-2/gunicorn-db/db-python codeql/python-queries:codeql-suites/python-security-and-quality.qls
[2025-10-19 20:28:12] Calling plumbing command: codeql resolve queries --qlconfig-file=/Users/arinmehta/Documents/GitHub/STT/Assignment-2/gunicorn-db/qlconfig.yml --format=json -- codeql/python-queries:codeql-suites/python-security-and-quality.qls
[2025-10-19 20:28:12] Exception caught at top level: Query pack codeql/python-queries:codeql-suites/python-security-and-quality.qls cannot be found. Check the spelling of the pack.
                      com.semmle.cli2.resolve.ResolveQueriesCommand.resolveQuerySpecifier(ResolveQueriesCommand.java:298)
                      com.semmle.cli2.resolve.ResolveQueriesCommand.executeJSON(ResolveQueriesCommand.java:211)
                      com.semmle.cli2.resolve.ResolveQueriesCommand.executeJSON(ResolveQueriesCommand.java:68)
                      com.semmle.cli2.picocli.SimpleJsonSubcommand.executeInsistingOnJSONWithExistingMessages(SimpleJsonSubcommand.java:121)
                      com.semmle.cli2.picocli.SubcommandCommon.withCompilationMessages(SubcommandCommon.java:444)
                      com.semmle.cli2.picocli.SimpleJsonSubcommand.executeInsistingOnJSON(SimpleJsonSubcommand.java:110)
                      com.semmle.cli2.picocli.PlumbingRunner.call(PlumbingRunner.java:61)
                      com.semmle.cli2.picocli.SubcommandCommon.callPlumbingInProcess(SubcommandCommon.java:170)
                      com.semmle.cli2.execute.ExecuteQueriesCommand.executeSubcommand(ExecuteQueriesCommand.java:424)
                      com.semmle.cli2.picocli.SubcommandCommon.lambda$executeSubcommandWithMessages$5(SubcommandCommon.java:892)
                      com.semmle.cli2.picocli.SubcommandCommon.withCompilationMessages(SubcommandCommon.java:444)
                      com.semmle.cli2.picocli.SubcommandCommon.executeSubcommandWithMessages(SubcommandCommon.java:890)
                      com.semmle.cli2.picocli.SubcommandCommon.toplevelMain(SubcommandCommon.java:777)
                      com.semmle.cli2.picocli.SubcommandCommon.call(SubcommandCommon.java:757)
                      com.semmle.cli2.picocli.SubcommandMaker.runMain(SubcommandMaker.java:238)
                      com.semmle.cli2.picocli.SubcommandMaker.runMain(SubcommandMaker.java:259)
                      com.semmle.cli2.CodeQL.main(CodeQL.java:113)
