[2025-10-19 01:50:17] This is codeql database index-files --include-extension=.yaml --include-extension=.yml --size-limit=5m --language yaml -- /Users/arinmehta/Documents/GitHub/STT/Assignment-2/PythonRobotics-db
[2025-10-19 01:50:17] Log file was started late.
[2025-10-19 01:50:17] Using index-files script /opt/homebrew/Caskroom/codeql/2.23.3/codeql/yaml/tools/index-files.sh.
[2025-10-19 01:50:17] [PROGRESS] database index-files> Scanning for files in /Users/arinmehta/Documents/GitHub/STT/Assignment-2/PythonRobotics...
[2025-10-19 01:50:17] Calling plumbing command: codeql resolve files --include-extension=.yaml --include-extension=.yml --size-limit=5m /Users/arinmehta/Documents/GitHub/STT/Assignment-2/PythonRobotics --format=json
[2025-10-19 01:50:17] [PROGRESS] resolve files> Scanning /Users/arinmehta/Documents/GitHub/STT/Assignment-2/PythonRobotics...
[2025-10-19 01:50:17] [PROGRESS] resolve files> Scanning /Users/arinmehta/Documents/GitHub/STT/Assignment-2/PythonRobotics/Mapping...
[2025-10-19 01:50:17] [PROGRESS] resolve files> Scanning /Users/arinmehta/Documents/GitHub/STT/Assignment-2/PythonRobotics/Mapping/gaussian_grid_map...
[2025-10-19 01:50:17] [PROGRESS] resolve files> Scanning /Users/arinmehta/Documents/GitHub/STT/Assignment-2/PythonRobotics/Mapping/gaussian_grid_map/__pycache__...
[2025-10-19 01:50:17] [PROGRESS] resolve files> Scanning /Users/arinmehta/Documents/GitHub/STT/Assignment-2/PythonRobotics/Mapping/point_cloud_sampling...
[2025-10-19 01:50:17] [PROGRESS] resolve files> Scanning /Users/arinmehta/Documents/GitHub/STT/Assignment-2/PythonRobotics/Mapping/point_cloud_sampling/__pycache__...
[2025-10-19 01:50:17] [PROGRESS] resolve files> Scanning /Users/arinmehta/Documents/GitHub/STT/Assignment-2/PythonRobotics/Mapping/lidar_to_grid_map...
[2025-10-19 01:50:17] [PROGRESS] resolve files> Scanning /Users/arinmehta/Documents/GitHub/STT/Assignment-2/PythonRobotics/Mapping/lidar_to_grid_map/__pycache__...
[2025-10-19 01:50:17] [PROGRESS] resolve files> Scanning /Users/arinmehta/Documents/GitHub/STT/Assignment-2/PythonRobotics/Mapping/__pycache__...
[2025-10-19 01:50:17] [PROGRESS] resolve files> Scanning /Users/arinmehta/Documents/GitHub/STT/Assignment-2/PythonRobotics/Mapping/DistanceMap...
[2025-10-19 01:50:17] [PROGRESS] resolve files> Scanning /Users/arinmehta/Documents/GitHub/STT/Assignment-2/PythonRobotics/Mapping/DistanceMap/__pycache__...
[2025-10-19 01:50:17] [PROGRESS] resolve files> Scanning /Users/arinmehta/Documents/GitHub/STT/Assignment-2/PythonRobotics/Mapping/ndt_map...
[2025-10-19 01:50:17] [PROGRESS] resolve files> Scanning /Users/arinmehta/Documents/GitHub/STT/Assignment-2/PythonRobotics/Mapping/ndt_map/__pycache__...
[2025-10-19 01:50:17] [PROGRESS] resolve files> Scanning /Users/arinmehta/Documents/GitHub/STT/Assignment-2/PythonRobotics/Mapping/ray_casting_grid_map...
[2025-10-19 01:50:17] [PROGRESS] resolve files> Scanning /Users/arinmehta/Documents/GitHub/STT/Assignment-2/PythonRobotics/Mapping/ray_casting_grid_map/__pycache__...
[2025-10-19 01:50:17] [PROGRESS] resolve files> Scanning /Users/arinmehta/Documents/GitHub/STT/Assignment-2/PythonRobotics/Mapping/grid_map_lib...
[2025-10-19 01:50:17] [PROGRESS] resolve files> Scanning /Users/arinmehta/Documents/GitHub/STT/Assignment-2/PythonRobotics/Mapping/grid_map_lib/__pycache__...
[2025-10-19 01:50:17] [PROGRESS] resolve files> Scanning /Users/arinmehta/Documents/GitHub/STT/Assignment-2/PythonRobotics/Mapping/normal_vector_estimation...
[2025-10-19 01:50:17] [PROGRESS] resolve files> Scanning /Users/arinmehta/Documents/GitHub/STT/Assignment-2/PythonRobotics/Mapping/normal_vector_estimation/__pycache__...
[2025-10-19 01:50:17] [PROGRESS] resolve files> Scanning /Users/arinmehta/Documents/GitHub/STT/Assignment-2/PythonRobotics/Mapping/circle_fitting...
[2025-10-19 01:50:17] [PROGRESS] resolve files> Scanning /Users/arinmehta/Documents/GitHub/STT/Assignment-2/PythonRobotics/Mapping/circle_fitting/__pycache__...
[2025-10-19 01:50:17] [PROGRESS] resolve files> Scanning /Users/arinmehta/Documents/GitHub/STT/Assignment-2/PythonRobotics/Mapping/rectangle_fitting...
[2025-10-19 01:50:17] [PROGRESS] resolve files> Scanning /Users/arinmehta/Documents/GitHub/STT/Assignment-2/PythonRobotics/Mapping/rectangle_fitting/__pycache__...
[2025-10-19 01:50:17] [PROGRESS] resolve files> Scanning /Users/arinmehta/Documents/GitHub/STT/Assignment-2/PythonRobotics/Mapping/kmeans_clustering...
[2025-10-19 01:50:17] [PROGRESS] resolve files> Scanning /Users/arinmehta/Documents/GitHub/STT/Assignment-2/PythonRobotics/Mapping/kmeans_clustering/__pycache__...
[2025-10-19 01:50:17] [PROGRESS] resolve files> Scanning /Users/arinmehta/Documents/GitHub/STT/Assignment-2/PythonRobotics/SLAM...
[2025-10-19 01:50:17] [PROGRESS] resolve files> Scanning /Users/arinmehta/Documents/GitHub/STT/Assignment-2/PythonRobotics/SLAM/GraphBasedSLAM...
[2025-10-19 01:50:17] [PROGRESS] resolve files> Scanning /Users/arinmehta/Documents/GitHub/STT/Assignment-2/PythonRobotics/SLAM/GraphBasedSLAM/__pycache__...
[2025-10-19 01:50:17] [PROGRESS] resolve files> Scanning /Users/arinmehta/Documents/GitHub/STT/Assignment-2/PythonRobotics/SLAM/GraphBasedSLAM/data...
[2025-10-19 01:50:17] [PROGRESS] resolve files> Scanning /Users/arinmehta/Documents/GitHub/STT/Assignment-2/PythonRobotics/SLAM/GraphBasedSLAM/graphslam...
[2025-10-19 01:50:17] [PROGRESS] resolve files> Scanning /Users/arinmehta/Documents/GitHub/STT/Assignment-2/PythonRobotics/SLAM/GraphBasedSLAM/graphslam/__pycache__...
[2025-10-19 01:50:17] [PROGRESS] resolve files> Scanning /Users/arinmehta/Documents/GitHub/STT/Assignment-2/PythonRobotics/SLAM/GraphBasedSLAM/graphslam/edge...
[2025-10-19 01:50:17] [PROGRESS] resolve files> Scanning /Users/arinmehta/Documents/GitHub/STT/Assignment-2/PythonRobotics/SLAM/GraphBasedSLAM/graphslam/edge/__pycache__...
[2025-10-19 01:50:17] [PROGRESS] resolve files> Scanning /Users/arinmehta/Documents/GitHub/STT/Assignment-2/PythonRobotics/SLAM/GraphBasedSLAM/graphslam/pose...
[2025-10-19 01:50:17] [PROGRESS] resolve files> Scanning /Users/arinmehta/Documents/GitHub/STT/Assignment-2/PythonRobotics/SLAM/GraphBasedSLAM/graphslam/pose/__pycache__...
[2025-10-19 01:50:17] [PROGRESS] resolve files> Scanning /Users/arinmehta/Documents/GitHub/STT/Assignment-2/PythonRobotics/SLAM/ICPMatching...
[2025-10-19 01:50:17] [PROGRESS] resolve files> Scanning /Users/arinmehta/Documents/GitHub/STT/Assignment-2/PythonRobotics/SLAM/ICPMatching/__pycache__...
[2025-10-19 01:50:17] [PROGRESS] resolve files> Scanning /Users/arinmehta/Documents/GitHub/STT/Assignment-2/PythonRobotics/SLAM/FastSLAM1...
[2025-10-19 01:50:17] [PROGRESS] resolve files> Scanning /Users/arinmehta/Documents/GitHub/STT/Assignment-2/PythonRobotics/SLAM/FastSLAM1/__pycache__...
[2025-10-19 01:50:17] [PROGRESS] resolve files> Scanning /Users/arinmehta/Documents/GitHub/STT/Assignment-2/PythonRobotics/SLAM/__pycache__...
[2025-10-19 01:50:17] [PROGRESS] resolve files> Scanning /Users/arinmehta/Documents/GitHub/STT/Assignment-2/PythonRobotics/SLAM/EKFSLAM...
[2025-10-19 01:50:17] [PROGRESS] resolve files> Scanning /Users/arinmehta/Documents/GitHub/STT/Assignment-2/PythonRobotics/SLAM/EKFSLAM/__pycache__...
[2025-10-19 01:50:17] [PROGRESS] resolve files> Scanning /Users/arinmehta/Documents/GitHub/STT/Assignment-2/PythonRobotics/SLAM/FastSLAM2...
[2025-10-19 01:50:17] [PROGRESS] resolve files> Scanning /Users/arinmehta/Documents/GitHub/STT/Assignment-2/PythonRobotics/SLAM/FastSLAM2/__pycache__...
[2025-10-19 01:50:17] [PROGRESS] resolve files> Scanning /Users/arinmehta/Documents/GitHub/STT/Assignment-2/PythonRobotics/PathTracking...
[2025-10-19 01:50:17] [PROGRESS] resolve files> Scanning /Users/arinmehta/Documents/GitHub/STT/Assignment-2/PythonRobotics/PathTracking/stanley_control...
[2025-10-19 01:50:17] [PROGRESS] resolve files> Scanning /Users/arinmehta/Documents/GitHub/STT/Assignment-2/PythonRobotics/PathTracking/stanley_control/__pycache__...
[2025-10-19 01:50:17] [PROGRESS] resolve files> Scanning /Users/arinmehta/Documents/GitHub/STT/Assignment-2/PythonRobotics/PathTracking/pure_pursuit...
[2025-10-19 01:50:17] [PROGRESS] resolve files> Scanning /Users/arinmehta/Documents/GitHub/STT/Assignment-2/PythonRobotics/PathTracking/pure_pursuit/__pycache__...
[2025-10-19 01:50:17] [PROGRESS] resolve files> Scanning /Users/arinmehta/Documents/GitHub/STT/Assignment-2/PythonRobotics/PathTracking/lqr_speed_steer_control...
[2025-10-19 01:50:17] [PROGRESS] resolve files> Scanning /Users/arinmehta/Documents/GitHub/STT/Assignment-2/PythonRobotics/PathTracking/lqr_speed_steer_control/__pycache__...
[2025-10-19 01:50:17] [PROGRESS] resolve files> Scanning /Users/arinmehta/Documents/GitHub/STT/Assignment-2/PythonRobotics/PathTracking/__pycache__...
[2025-10-19 01:50:17] [PROGRESS] resolve files> Scanning /Users/arinmehta/Documents/GitHub/STT/Assignment-2/PythonRobotics/PathTracking/cgmres_nmpc...
[2025-10-19 01:50:17] [PROGRESS] resolve files> Scanning /Users/arinmehta/Documents/GitHub/STT/Assignment-2/PythonRobotics/PathTracking/cgmres_nmpc/__pycache__...
[2025-10-19 01:50:17] [PROGRESS] resolve files> Scanning /Users/arinmehta/Documents/GitHub/STT/Assignment-2/PythonRobotics/PathTracking/model_predictive_speed_and_steer_control...
[2025-10-19 01:50:17] [PROGRESS] resolve files> Scanning /Users/arinmehta/Documents/GitHub/STT/Assignment-2/PythonRobotics/PathTracking/model_predictive_speed_and_steer_control/__pycache__...
[2025-10-19 01:50:17] [PROGRESS] resolve files> Scanning /Users/arinmehta/Documents/GitHub/STT/Assignment-2/PythonRobotics/PathTracking/move_to_pose...
[2025-10-19 01:50:17] [PROGRESS] resolve files> Scanning /Users/arinmehta/Documents/GitHub/STT/Assignment-2/PythonRobotics/PathTracking/move_to_pose/__pycache__...
[2025-10-19 01:50:17] [PROGRESS] resolve files> Scanning /Users/arinmehta/Documents/GitHub/STT/Assignment-2/PythonRobotics/PathTracking/lqr_steer_control...
[2025-10-19 01:50:17] [PROGRESS] resolve files> Scanning /Users/arinmehta/Documents/GitHub/STT/Assignment-2/PythonRobotics/PathTracking/lqr_steer_control/__pycache__...
[2025-10-19 01:50:17] [PROGRESS] resolve files> Scanning /Users/arinmehta/Documents/GitHub/STT/Assignment-2/PythonRobotics/PathTracking/rear_wheel_feedback_control...
[2025-10-19 01:50:17] [PROGRESS] resolve files> Scanning /Users/arinmehta/Documents/GitHub/STT/Assignment-2/PythonRobotics/PathTracking/rear_wheel_feedback_control/__pycache__...
[2025-10-19 01:50:17] [PROGRESS] resolve files> Scanning /Users/arinmehta/Documents/GitHub/STT/Assignment-2/PythonRobotics/tests...
[2025-10-19 01:50:17] [PROGRESS] resolve files> Scanning /Users/arinmehta/Documents/GitHub/STT/Assignment-2/PythonRobotics/tests/__pycache__...
[2025-10-19 01:50:17] [PROGRESS] resolve files> Scanning /Users/arinmehta/Documents/GitHub/STT/Assignment-2/PythonRobotics/utils...
[2025-10-19 01:50:17] [PROGRESS] resolve files> Scanning /Users/arinmehta/Documents/GitHub/STT/Assignment-2/PythonRobotics/utils/__pycache__...
[2025-10-19 01:50:17] [PROGRESS] resolve files> Scanning /Users/arinmehta/Documents/GitHub/STT/Assignment-2/PythonRobotics/requirements...
[2025-10-19 01:50:17] [PROGRESS] resolve files> Scanning /Users/arinmehta/Documents/GitHub/STT/Assignment-2/PythonRobotics/__pycache__...
[2025-10-19 01:50:17] [PROGRESS] resolve files> Scanning /Users/arinmehta/Documents/GitHub/STT/Assignment-2/PythonRobotics/docs...
[2025-10-19 01:50:17] [PROGRESS] resolve files> Scanning /Users/arinmehta/Documents/GitHub/STT/Assignment-2/PythonRobotics/docs/_templates...
[2025-10-19 01:50:17] [PROGRESS] resolve files> Scanning /Users/arinmehta/Documents/GitHub/STT/Assignment-2/PythonRobotics/docs/_static...
[2025-10-19 01:50:17] [PROGRESS] resolve files> Scanning /Users/arinmehta/Documents/GitHub/STT/Assignment-2/PythonRobotics/docs/_static/img...
[2025-10-19 01:50:17] [PROGRESS] resolve files> Scanning /Users/arinmehta/Documents/GitHub/STT/Assignment-2/PythonRobotics/docs/__pycache__...
[2025-10-19 01:50:17] [PROGRESS] resolve files> Scanning /Users/arinmehta/Documents/GitHub/STT/Assignment-2/PythonRobotics/docs/modules...
[2025-10-19 01:50:17] [PROGRESS] resolve files> Scanning /Users/arinmehta/Documents/GitHub/STT/Assignment-2/PythonRobotics/docs/modules/4_slam...
[2025-10-19 01:50:17] [PROGRESS] resolve files> Scanning /Users/arinmehta/Documents/GitHub/STT/Assignment-2/PythonRobotics/docs/modules/4_slam/iterative_closest_point_matching...
[2025-10-19 01:50:17] [PROGRESS] resolve files> Scanning /Users/arinmehta/Documents/GitHub/STT/Assignment-2/PythonRobotics/docs/modules/4_slam/FastSLAM1...
[2025-10-19 01:50:17] [PROGRESS] resolve files> Scanning /Users/arinmehta/Documents/GitHub/STT/Assignment-2/PythonRobotics/docs/modules/4_slam/ekf_slam...
[2025-10-19 01:50:17] [PROGRESS] resolve files> Scanning /Users/arinmehta/Documents/GitHub/STT/Assignment-2/PythonRobotics/docs/modules/4_slam/graph_slam...
[2025-10-19 01:50:17] [PROGRESS] resolve files> Scanning /Users/arinmehta/Documents/GitHub/STT/Assignment-2/PythonRobotics/docs/modules/4_slam/graph_slam/graphSLAM_SE2_example_files...
[2025-10-19 01:50:17] [PROGRESS] resolve files> Scanning /Users/arinmehta/Documents/GitHub/STT/Assignment-2/PythonRobotics/docs/modules/4_slam/graph_slam/graphSLAM_doc_files...
[2025-10-19 01:50:17] [PROGRESS] resolve files> Scanning /Users/arinmehta/Documents/GitHub/STT/Assignment-2/PythonRobotics/docs/modules/4_slam/FastSLAM2...
[2025-10-19 01:50:17] [PROGRESS] resolve files> Scanning /Users/arinmehta/Documents/GitHub/STT/Assignment-2/PythonRobotics/docs/modules/12_appendix...
[2025-10-19 01:50:17] [PROGRESS] resolve files> Scanning /Users/arinmehta/Documents/GitHub/STT/Assignment-2/PythonRobotics/docs/modules/12_appendix/Kalmanfilter_basics_2_files...
[2025-10-19 01:50:17] [PROGRESS] resolve files> Scanning /Users/arinmehta/Documents/GitHub/STT/Assignment-2/PythonRobotics/docs/modules/12_appendix/Kalmanfilter_basics_files...
[2025-10-19 01:50:17] [PROGRESS] resolve files> Scanning /Users/arinmehta/Documents/GitHub/STT/Assignment-2/PythonRobotics/docs/modules/12_appendix/steering_motion_model...
[2025-10-19 01:50:17] [PROGRESS] resolve files> Scanning /Users/arinmehta/Documents/GitHub/STT/Assignment-2/PythonRobotics/docs/modules/8_aerial_navigation...
[2025-10-19 01:50:17] [PROGRESS] resolve files> Scanning /Users/arinmehta/Documents/GitHub/STT/Assignment-2/PythonRobotics/docs/modules/8_aerial_navigation/rocket_powered_landing...
[2025-10-19 01:50:17] [PROGRESS] resolve files> Scanning /Users/arinmehta/Documents/GitHub/STT/Assignment-2/PythonRobotics/docs/modules/8_aerial_navigation/drone_3d_trajectory_following...
[2025-10-19 01:50:17] [PROGRESS] resolve files> Scanning /Users/arinmehta/Documents/GitHub/STT/Assignment-2/PythonRobotics/docs/modules/6_path_tracking...
[2025-10-19 01:50:17] [PROGRESS] resolve files> Scanning /Users/arinmehta/Documents/GitHub/STT/Assignment-2/PythonRobotics/docs/modules/6_path_tracking/stanley_control...
[2025-10-19 01:50:17] [PROGRESS] resolve files> Scanning /Users/arinmehta/Documents/GitHub/STT/Assignment-2/PythonRobotics/docs/modules/6_path_tracking/lqr_speed_and_steering_control...
[2025-10-19 01:50:17] [PROGRESS] resolve files> Scanning /Users/arinmehta/Documents/GitHub/STT/Assignment-2/PythonRobotics/docs/modules/6_path_tracking/cgmres_nmpc...
[2025-10-19 01:50:17] [PROGRESS] resolve files> Scanning /Users/arinmehta/Documents/GitHub/STT/Assignment-2/PythonRobotics/docs/modules/6_path_tracking/pure_pursuit_tracking...
[2025-10-19 01:50:17] [PROGRESS] resolve files> Scanning /Users/arinmehta/Documents/GitHub/STT/Assignment-2/PythonRobotics/docs/modules/6_path_tracking/model_predictive_speed_and_steering_control...
[2025-10-19 01:50:17] [PROGRESS] resolve files> Scanning /Users/arinmehta/Documents/GitHub/STT/Assignment-2/PythonRobotics/docs/modules/6_path_tracking/move_to_a_pose...
[2025-10-19 01:50:17] [PROGRESS] resolve files> Scanning /Users/arinmehta/Documents/GitHub/STT/Assignment-2/PythonRobotics/docs/modules/6_path_tracking/lqr_steering_control...
[2025-10-19 01:50:17] [PROGRESS] resolve files> Scanning /Users/arinmehta/Documents/GitHub/STT/Assignment-2/PythonRobotics/docs/modules/6_path_tracking/rear_wheel_feedback_control...
[2025-10-19 01:50:17] [PROGRESS] resolve files> Scanning /Users/arinmehta/Documents/GitHub/STT/Assignment-2/PythonRobotics/docs/modules/3_mapping...
[2025-10-19 01:50:17] [PROGRESS] resolve files> Scanning /Users/arinmehta/Documents/GitHub/STT/Assignment-2/PythonRobotics/docs/modules/3_mapping/gaussian_grid_map...
[2025-10-19 01:50:17] [PROGRESS] resolve files> Scanning /Users/arinmehta/Documents/GitHub/STT/Assignment-2/PythonRobotics/docs/modules/3_mapping/point_cloud_sampling...
[2025-10-19 01:50:17] [PROGRESS] resolve files> Scanning /Users/arinmehta/Documents/GitHub/STT/Assignment-2/PythonRobotics/docs/modules/3_mapping/distance_map...
[2025-10-19 01:50:17] [PROGRESS] resolve files> Scanning /Users/arinmehta/Documents/GitHub/STT/Assignment-2/PythonRobotics/docs/modules/3_mapping/lidar_to_grid_map_tutorial...
[2025-10-19 01:50:17] [PROGRESS] resolve files> Scanning /Users/arinmehta/Documents/GitHub/STT/Assignment-2/PythonRobotics/docs/modules/3_mapping/ndt_map...
[2025-10-19 01:50:17] [PROGRESS] resolve files> Scanning /Users/arinmehta/Documents/GitHub/STT/Assignment-2/PythonRobotics/docs/modules/3_mapping/ray_casting_grid_map...
[2025-10-19 01:50:17] [PROGRESS] resolve files> Scanning /Users/arinmehta/Documents/GitHub/STT/Assignment-2/PythonRobotics/docs/modules/3_mapping/k_means_object_clustering...
[2025-10-19 01:50:17] [PROGRESS] resolve files> Scanning /Users/arinmehta/Documents/GitHub/STT/Assignment-2/PythonRobotics/docs/modules/3_mapping/normal_vector_estimation...
[2025-10-19 01:50:17] [PROGRESS] resolve files> Scanning /Users/arinmehta/Documents/GitHub/STT/Assignment-2/PythonRobotics/docs/modules/3_mapping/circle_fitting...
[2025-10-19 01:50:17] [PROGRESS] resolve files> Scanning /Users/arinmehta/Documents/GitHub/STT/Assignment-2/PythonRobotics/docs/modules/3_mapping/rectangle_fitting...
[2025-10-19 01:50:17] [PROGRESS] resolve files> Scanning /Users/arinmehta/Documents/GitHub/STT/Assignment-2/PythonRobotics/docs/modules/1_introduction...
[2025-10-19 01:50:17] [PROGRESS] resolve files> Scanning /Users/arinmehta/Documents/GitHub/STT/Assignment-2/PythonRobotics/docs/modules/1_introduction/3_technologies_for_robotics...
[2025-10-19 01:50:17] [PROGRESS] resolve files> Scanning /Users/arinmehta/Documents/GitHub/STT/Assignment-2/PythonRobotics/docs/modules/1_introduction/1_definition_of_robotics...
[2025-10-19 01:50:17] [PROGRESS] resolve files> Scanning /Users/arinmehta/Documents/GitHub/STT/Assignment-2/PythonRobotics/docs/modules/1_introduction/2_python_for_robotics...
[2025-10-19 01:50:17] [PROGRESS] resolve files> Scanning /Users/arinmehta/Documents/GitHub/STT/Assignment-2/PythonRobotics/docs/modules/5_path_planning...
[2025-10-19 01:50:17] [PROGRESS] resolve files> Scanning /Users/arinmehta/Documents/GitHub/STT/Assignment-2/PythonRobotics/docs/modules/5_path_planning/coverage_path...
[2025-10-19 01:50:17] [PROGRESS] resolve files> Scanning /Users/arinmehta/Documents/GitHub/STT/Assignment-2/PythonRobotics/docs/modules/5_path_planning/hybridastar...
[2025-10-19 01:50:17] [PROGRESS] resolve files> Scanning /Users/arinmehta/Documents/GitHub/STT/Assignment-2/PythonRobotics/docs/modules/5_path_planning/clothoid_path...
[2025-10-19 01:50:17] [PROGRESS] resolve files> Scanning /Users/arinmehta/Documents/GitHub/STT/Assignment-2/PythonRobotics/docs/modules/5_path_planning/vrm_planner...
[2025-10-19 01:50:17] [PROGRESS] resolve files> Scanning /Users/arinmehta/Documents/GitHub/STT/Assignment-2/PythonRobotics/docs/modules/5_path_planning/prm_planner...
[2025-10-19 01:50:17] [PROGRESS] resolve files> Scanning /Users/arinmehta/Documents/GitHub/STT/Assignment-2/PythonRobotics/docs/modules/5_path_planning/bugplanner...
[2025-10-19 01:50:17] [PROGRESS] resolve files> Scanning /Users/arinmehta/Documents/GitHub/STT/Assignment-2/PythonRobotics/docs/modules/5_path_planning/dynamic_window_approach...
[2025-10-19 01:50:17] [PROGRESS] resolve files> Scanning /Users/arinmehta/Documents/GitHub/STT/Assignment-2/PythonRobotics/docs/modules/5_path_planning/catmull_rom_spline...
[2025-10-19 01:50:17] [PROGRESS] resolve files> Scanning /Users/arinmehta/Documents/GitHub/STT/Assignment-2/PythonRobotics/docs/modules/5_path_planning/elastic_bands...
[2025-10-19 01:50:17] [PROGRESS] resolve files> Scanning /Users/arinmehta/Documents/GitHub/STT/Assignment-2/PythonRobotics/docs/modules/5_path_planning/dubins_path...
[2025-10-19 01:50:17] [PROGRESS] resolve files> Scanning /Users/arinmehta/Documents/GitHub/STT/Assignment-2/PythonRobotics/docs/modules/5_path_planning/lqr_path...
[2025-10-19 01:50:17] [PROGRESS] resolve files> Scanning /Users/arinmehta/Documents/GitHub/STT/Assignment-2/PythonRobotics/docs/modules/5_path_planning/visibility_road_map_planner...
[2025-10-19 01:50:17] [PROGRESS] resolve files> Scanning /Users/arinmehta/Documents/GitHub/STT/Assignment-2/PythonRobotics/docs/modules/5_path_planning/state_lattice_planner...
[2025-10-19 01:50:17] [PROGRESS] resolve files> Scanning /Users/arinmehta/Documents/GitHub/STT/Assignment-2/PythonRobotics/docs/modules/5_path_planning/eta3_spline...
[2025-10-19 01:50:17] [PROGRESS] resolve files> Scanning /Users/arinmehta/Documents/GitHub/STT/Assignment-2/PythonRobotics/docs/modules/5_path_planning/rrt...
[2025-10-19 01:50:17] [PROGRESS] resolve files> Scanning /Users/arinmehta/Documents/GitHub/STT/Assignment-2/PythonRobotics/docs/modules/5_path_planning/rrt/rrt_star...
[2025-10-19 01:50:17] [PROGRESS] resolve files> Scanning /Users/arinmehta/Documents/GitHub/STT/Assignment-2/PythonRobotics/docs/modules/5_path_planning/rrt/rrt_star_reeds_shepp...
[2025-10-19 01:50:17] [PROGRESS] resolve files> Scanning /Users/arinmehta/Documents/GitHub/STT/Assignment-2/PythonRobotics/docs/modules/5_path_planning/rrt/closed_loop_rrt_star_car...
[2025-10-19 01:50:17] [PROGRESS] resolve files> Scanning /Users/arinmehta/Documents/GitHub/STT/Assignment-2/PythonRobotics/docs/modules/5_path_planning/reeds_shepp_path...
[2025-10-19 01:50:17] [PROGRESS] resolve files> Scanning /Users/arinmehta/Documents/GitHub/STT/Assignment-2/PythonRobotics/docs/modules/5_path_planning/model_predictive_trajectory_generator...
[2025-10-19 01:50:17] [PROGRESS] resolve files> Scanning /Users/arinmehta/Documents/GitHub/STT/Assignment-2/PythonRobotics/docs/modules/5_path_planning/bezier_path...
[2025-10-19 01:50:17] [PROGRESS] resolve files> Scanning /Users/arinmehta/Documents/GitHub/STT/Assignment-2/PythonRobotics/docs/modules/5_path_planning/frenet_frame_path...
[2025-10-19 01:50:17] [PROGRESS] resolve files> Scanning /Users/arinmehta/Documents/GitHub/STT/Assignment-2/PythonRobotics/docs/modules/5_path_planning/bspline_path...
[2025-10-19 01:50:17] [PROGRESS] resolve files> Scanning /Users/arinmehta/Documents/GitHub/STT/Assignment-2/PythonRobotics/docs/modules/5_path_planning/time_based_grid_search...
[2025-10-19 01:50:17] [PROGRESS] resolve files> Scanning /Users/arinmehta/Documents/GitHub/STT/Assignment-2/PythonRobotics/docs/modules/5_path_planning/grid_base_search...
[2025-10-19 01:50:17] [PROGRESS] resolve files> Scanning /Users/arinmehta/Documents/GitHub/STT/Assignment-2/PythonRobotics/docs/modules/5_path_planning/quintic_polynomials_planner...
[2025-10-19 01:50:17] [PROGRESS] resolve files> Scanning /Users/arinmehta/Documents/GitHub/STT/Assignment-2/PythonRobotics/docs/modules/5_path_planning/cubic_spline...
[2025-10-19 01:50:17] [PROGRESS] resolve files> Scanning /Users/arinmehta/Documents/GitHub/STT/Assignment-2/PythonRobotics/docs/modules/7_arm_navigation...
[2025-10-19 01:50:17] [PROGRESS] resolve files> Scanning /Users/arinmehta/Documents/GitHub/STT/Assignment-2/PythonRobotics/docs/modules/7_arm_navigation/Planar_Two_Link_IK_files...
[2025-10-19 01:50:17] [PROGRESS] resolve files> Scanning /Users/arinmehta/Documents/GitHub/STT/Assignment-2/PythonRobotics/docs/modules/9_bipedal...
[2025-10-19 01:50:17] [PROGRESS] resolve files> Scanning /Users/arinmehta/Documents/GitHub/STT/Assignment-2/PythonRobotics/docs/modules/9_bipedal/bipedal_planner...
[2025-10-19 01:50:17] [PROGRESS] resolve files> Scanning /Users/arinmehta/Documents/GitHub/STT/Assignment-2/PythonRobotics/docs/modules/0_getting_started...
[2025-10-19 01:50:17] [PROGRESS] resolve files> Scanning /Users/arinmehta/Documents/GitHub/STT/Assignment-2/PythonRobotics/docs/modules/11_utils...
[2025-10-19 01:50:17] [PROGRESS] resolve files> Scanning /Users/arinmehta/Documents/GitHub/STT/Assignment-2/PythonRobotics/docs/modules/11_utils/plot...
[2025-10-19 01:50:17] [PROGRESS] resolve files> Scanning /Users/arinmehta/Documents/GitHub/STT/Assignment-2/PythonRobotics/docs/modules/2_localization...
[2025-10-19 01:50:17] [PROGRESS] resolve files> Scanning /Users/arinmehta/Documents/GitHub/STT/Assignment-2/PythonRobotics/docs/modules/2_localization/unscented_kalman_filter_localization...
[2025-10-19 01:50:17] [PROGRESS] resolve files> Scanning /Users/arinmehta/Documents/GitHub/STT/Assignment-2/PythonRobotics/docs/modules/2_localization/extended_kalman_filter_localization_files...
[2025-10-19 01:50:17] [PROGRESS] resolve files> Scanning /Users/arinmehta/Documents/GitHub/STT/Assignment-2/PythonRobotics/docs/modules/2_localization/particle_filter_localization...
[2025-10-19 01:50:17] [PROGRESS] resolve files> Scanning /Users/arinmehta/Documents/GitHub/STT/Assignment-2/PythonRobotics/docs/modules/2_localization/ensamble_kalman_filter_localization_files...
[2025-10-19 01:50:17] [PROGRESS] resolve files> Scanning /Users/arinmehta/Documents/GitHub/STT/Assignment-2/PythonRobotics/docs/modules/2_localization/histogram_filter_localization...
[2025-10-19 01:50:17] [PROGRESS] resolve files> Scanning /Users/arinmehta/Documents/GitHub/STT/Assignment-2/PythonRobotics/docs/modules/10_inverted_pendulum...
[2025-10-19 01:50:17] [PROGRESS] resolve files> Scanning /Users/arinmehta/Documents/GitHub/STT/Assignment-2/PythonRobotics/docs/modules/13_mission_planning...
[2025-10-19 01:50:17] [PROGRESS] resolve files> Scanning /Users/arinmehta/Documents/GitHub/STT/Assignment-2/PythonRobotics/docs/modules/13_mission_planning/state_machine...
[2025-10-19 01:50:17] [PROGRESS] resolve files> Scanning /Users/arinmehta/Documents/GitHub/STT/Assignment-2/PythonRobotics/docs/modules/13_mission_planning/behavior_tree...
[2025-10-19 01:50:17] [PROGRESS] resolve files> Scanning /Users/arinmehta/Documents/GitHub/STT/Assignment-2/PythonRobotics/.github...
[2025-10-19 01:50:17] [PROGRESS] resolve files> Scanning /Users/arinmehta/Documents/GitHub/STT/Assignment-2/PythonRobotics/.github/workflows...
[2025-10-19 01:50:17] [PROGRESS] resolve files> Scanning /Users/arinmehta/Documents/GitHub/STT/Assignment-2/PythonRobotics/.github/codeql...
[2025-10-19 01:50:17] [PROGRESS] resolve files> Scanning /Users/arinmehta/Documents/GitHub/STT/Assignment-2/PythonRobotics/.github/ISSUE_TEMPLATE...
[2025-10-19 01:50:17] [PROGRESS] resolve files> Scanning /Users/arinmehta/Documents/GitHub/STT/Assignment-2/PythonRobotics/InvertedPendulum...
[2025-10-19 01:50:17] [PROGRESS] resolve files> Scanning /Users/arinmehta/Documents/GitHub/STT/Assignment-2/PythonRobotics/InvertedPendulum/__pycache__...
[2025-10-19 01:50:17] [PROGRESS] resolve files> Scanning /Users/arinmehta/Documents/GitHub/STT/Assignment-2/PythonRobotics/AerialNavigation...
[2025-10-19 01:50:17] [PROGRESS] resolve files> Scanning /Users/arinmehta/Documents/GitHub/STT/Assignment-2/PythonRobotics/AerialNavigation/rocket_powered_landing...
[2025-10-19 01:50:17] [PROGRESS] resolve files> Scanning /Users/arinmehta/Documents/GitHub/STT/Assignment-2/PythonRobotics/AerialNavigation/rocket_powered_landing/__pycache__...
[2025-10-19 01:50:17] [PROGRESS] resolve files> Scanning /Users/arinmehta/Documents/GitHub/STT/Assignment-2/PythonRobotics/AerialNavigation/__pycache__...
[2025-10-19 01:50:17] [PROGRESS] resolve files> Scanning /Users/arinmehta/Documents/GitHub/STT/Assignment-2/PythonRobotics/AerialNavigation/drone_3d_trajectory_following...
[2025-10-19 01:50:17] [PROGRESS] resolve files> Scanning /Users/arinmehta/Documents/GitHub/STT/Assignment-2/PythonRobotics/AerialNavigation/drone_3d_trajectory_following/__pycache__...
[2025-10-19 01:50:17] [PROGRESS] resolve files> Scanning /Users/arinmehta/Documents/GitHub/STT/Assignment-2/PythonRobotics/Bipedal...
[2025-10-19 01:50:17] [PROGRESS] resolve files> Scanning /Users/arinmehta/Documents/GitHub/STT/Assignment-2/PythonRobotics/Bipedal/bipedal_planner...
[2025-10-19 01:50:17] [PROGRESS] resolve files> Scanning /Users/arinmehta/Documents/GitHub/STT/Assignment-2/PythonRobotics/Bipedal/bipedal_planner/__pycache__...
[2025-10-19 01:50:17] [PROGRESS] resolve files> Scanning /Users/arinmehta/Documents/GitHub/STT/Assignment-2/PythonRobotics/Bipedal/__pycache__...
[2025-10-19 01:50:17] [PROGRESS] resolve files> Scanning /Users/arinmehta/Documents/GitHub/STT/Assignment-2/PythonRobotics/MissionPlanning...
[2025-10-19 01:50:17] [PROGRESS] resolve files> Scanning /Users/arinmehta/Documents/GitHub/STT/Assignment-2/PythonRobotics/MissionPlanning/StateMachine...
[2025-10-19 01:50:17] [PROGRESS] resolve files> Scanning /Users/arinmehta/Documents/GitHub/STT/Assignment-2/PythonRobotics/MissionPlanning/StateMachine/__pycache__...
[2025-10-19 01:50:17] [PROGRESS] resolve files> Scanning /Users/arinmehta/Documents/GitHub/STT/Assignment-2/PythonRobotics/MissionPlanning/BehaviorTree...
[2025-10-19 01:50:17] [PROGRESS] resolve files> Scanning /Users/arinmehta/Documents/GitHub/STT/Assignment-2/PythonRobotics/MissionPlanning/BehaviorTree/__pycache__...
[2025-10-19 01:50:17] [PROGRESS] resolve files> Scanning /Users/arinmehta/Documents/GitHub/STT/Assignment-2/PythonRobotics/.git...
[2025-10-19 01:50:17] [PROGRESS] resolve files> Scanning /Users/arinmehta/Documents/GitHub/STT/Assignment-2/PythonRobotics/.git/objects...
[2025-10-19 01:50:17] [PROGRESS] resolve files> Scanning /Users/arinmehta/Documents/GitHub/STT/Assignment-2/PythonRobotics/.git/objects/pack...
[2025-10-19 01:50:17] [PROGRESS] resolve files> Scanning /Users/arinmehta/Documents/GitHub/STT/Assignment-2/PythonRobotics/.git/objects/info...
[2025-10-19 01:50:17] [PROGRESS] resolve files> Scanning /Users/arinmehta/Documents/GitHub/STT/Assignment-2/PythonRobotics/.git/info...
[2025-10-19 01:50:17] [PROGRESS] resolve files> Scanning /Users/arinmehta/Documents/GitHub/STT/Assignment-2/PythonRobotics/.git/logs...
[2025-10-19 01:50:17] [PROGRESS] resolve files> Scanning /Users/arinmehta/Documents/GitHub/STT/Assignment-2/PythonRobotics/.git/logs/refs...
[2025-10-19 01:50:17] [PROGRESS] resolve files> Scanning /Users/arinmehta/Documents/GitHub/STT/Assignment-2/PythonRobotics/.git/logs/refs/heads...
[2025-10-19 01:50:17] [PROGRESS] resolve files> Scanning /Users/arinmehta/Documents/GitHub/STT/Assignment-2/PythonRobotics/.git/logs/refs/remotes...
[2025-10-19 01:50:17] [PROGRESS] resolve files> Scanning /Users/arinmehta/Documents/GitHub/STT/Assignment-2/PythonRobotics/.git/logs/refs/remotes/origin...
[2025-10-19 01:50:17] [PROGRESS] resolve files> Scanning /Users/arinmehta/Documents/GitHub/STT/Assignment-2/PythonRobotics/.git/hooks...
[2025-10-19 01:50:17] [PROGRESS] resolve files> Scanning /Users/arinmehta/Documents/GitHub/STT/Assignment-2/PythonRobotics/.git/refs...
[2025-10-19 01:50:17] [PROGRESS] resolve files> Scanning /Users/arinmehta/Documents/GitHub/STT/Assignment-2/PythonRobotics/.git/refs/heads...
[2025-10-19 01:50:17] [PROGRESS] resolve files> Scanning /Users/arinmehta/Documents/GitHub/STT/Assignment-2/PythonRobotics/.git/refs/tags...
[2025-10-19 01:50:17] [PROGRESS] resolve files> Scanning /Users/arinmehta/Documents/GitHub/STT/Assignment-2/PythonRobotics/.git/refs/remotes...
[2025-10-19 01:50:17] [PROGRESS] resolve files> Scanning /Users/arinmehta/Documents/GitHub/STT/Assignment-2/PythonRobotics/.git/refs/remotes/origin...
[2025-10-19 01:50:17] [PROGRESS] resolve files> Scanning /Users/arinmehta/Documents/GitHub/STT/Assignment-2/PythonRobotics/.circleci...
[2025-10-19 01:50:17] [PROGRESS] resolve files> Scanning /Users/arinmehta/Documents/GitHub/STT/Assignment-2/PythonRobotics/PathPlanning...
[2025-10-19 01:50:17] [PROGRESS] resolve files> Scanning /Users/arinmehta/Documents/GitHub/STT/Assignment-2/PythonRobotics/PathPlanning/ReedsSheppPath...
[2025-10-19 01:50:17] [PROGRESS] resolve files> Scanning /Users/arinmehta/Documents/GitHub/STT/Assignment-2/PythonRobotics/PathPlanning/ReedsSheppPath/__pycache__...
[2025-10-19 01:50:17] [PROGRESS] resolve files> Scanning /Users/arinmehta/Documents/GitHub/STT/Assignment-2/PythonRobotics/PathPlanning/AStar...
[2025-10-19 01:50:17] [PROGRESS] resolve files> Scanning /Users/arinmehta/Documents/GitHub/STT/Assignment-2/PythonRobotics/PathPlanning/AStar/__pycache__...
[2025-10-19 01:50:17] [PROGRESS] resolve files> Scanning /Users/arinmehta/Documents/GitHub/STT/Assignment-2/PythonRobotics/PathPlanning/ModelPredictiveTrajectoryGenerator...
[2025-10-19 01:50:17] [PROGRESS] resolve files> Scanning /Users/arinmehta/Documents/GitHub/STT/Assignment-2/PythonRobotics/PathPlanning/ModelPredictiveTrajectoryGenerator/__pycache__...
[2025-10-19 01:50:17] [PROGRESS] resolve files> Scanning /Users/arinmehta/Documents/GitHub/STT/Assignment-2/PythonRobotics/PathPlanning/BSplinePath...
[2025-10-19 01:50:17] [PROGRESS] resolve files> Scanning /Users/arinmehta/Documents/GitHub/STT/Assignment-2/PythonRobotics/PathPlanning/BSplinePath/__pycache__...
[2025-10-19 01:50:17] [PROGRESS] resolve files> Scanning /Users/arinmehta/Documents/GitHub/STT/Assignment-2/PythonRobotics/PathPlanning/HybridAStar...
[2025-10-19 01:50:17] [PROGRESS] resolve files> Scanning /Users/arinmehta/Documents/GitHub/STT/Assignment-2/PythonRobotics/PathPlanning/HybridAStar/__pycache__...
[2025-10-19 01:50:17] [PROGRESS] resolve files> Scanning /Users/arinmehta/Documents/GitHub/STT/Assignment-2/PythonRobotics/PathPlanning/FlowField...
[2025-10-19 01:50:17] [PROGRESS] resolve files> Scanning /Users/arinmehta/Documents/GitHub/STT/Assignment-2/PythonRobotics/PathPlanning/FlowField/__pycache__...
[2025-10-19 01:50:17] [PROGRESS] resolve files> Scanning /Users/arinmehta/Documents/GitHub/STT/Assignment-2/PythonRobotics/PathPlanning/FrenetOptimalTrajectory...
[2025-10-19 01:50:17] [PROGRESS] resolve files> Scanning /Users/arinmehta/Documents/GitHub/STT/Assignment-2/PythonRobotics/PathPlanning/FrenetOptimalTrajectory/__pycache__...
[2025-10-19 01:50:17] [PROGRESS] resolve files> Scanning /Users/arinmehta/Documents/GitHub/STT/Assignment-2/PythonRobotics/PathPlanning/BreadthFirstSearch...
[2025-10-19 01:50:17] [PROGRESS] resolve files> Scanning /Users/arinmehta/Documents/GitHub/STT/Assignment-2/PythonRobotics/PathPlanning/BreadthFirstSearch/__pycache__...
[2025-10-19 01:50:17] [PROGRESS] resolve files> Scanning /Users/arinmehta/Documents/GitHub/STT/Assignment-2/PythonRobotics/PathPlanning/BidirectionalBreadthFirstSearch...
[2025-10-19 01:50:17] [PROGRESS] resolve files> Scanning /Users/arinmehta/Documents/GitHub/STT/Assignment-2/PythonRobotics/PathPlanning/BidirectionalBreadthFirstSearch/__pycache__...
[2025-10-19 01:50:17] [PROGRESS] resolve files> Scanning /Users/arinmehta/Documents/GitHub/STT/Assignment-2/PythonRobotics/PathPlanning/LQRRRTStar...
[2025-10-19 01:50:17] [PROGRESS] resolve files> Scanning /Users/arinmehta/Documents/GitHub/STT/Assignment-2/PythonRobotics/PathPlanning/LQRRRTStar/__pycache__...
[2025-10-19 01:50:17] [PROGRESS] resolve files> Scanning /Users/arinmehta/Documents/GitHub/STT/Assignment-2/PythonRobotics/PathPlanning/DStar...
[2025-10-19 01:50:17] [PROGRESS] resolve files> Scanning /Users/arinmehta/Documents/GitHub/STT/Assignment-2/PythonRobotics/PathPlanning/DStar/__pycache__...
[2025-10-19 01:50:17] [PROGRESS] resolve files> Scanning /Users/arinmehta/Documents/GitHub/STT/Assignment-2/PythonRobotics/PathPlanning/VoronoiRoadMap...
[2025-10-19 01:50:17] [PROGRESS] resolve files> Scanning /Users/arinmehta/Documents/GitHub/STT/Assignment-2/PythonRobotics/PathPlanning/VoronoiRoadMap/__pycache__...
[2025-10-19 01:50:17] [PROGRESS] resolve files> Scanning /Users/arinmehta/Documents/GitHub/STT/Assignment-2/PythonRobotics/PathPlanning/DepthFirstSearch...
[2025-10-19 01:50:17] [PROGRESS] resolve files> Scanning /Users/arinmehta/Documents/GitHub/STT/Assignment-2/PythonRobotics/PathPlanning/DepthFirstSearch/__pycache__...
[2025-10-19 01:50:17] [PROGRESS] resolve files> Scanning /Users/arinmehta/Documents/GitHub/STT/Assignment-2/PythonRobotics/PathPlanning/VisibilityRoadMap...
[2025-10-19 01:50:17] [PROGRESS] resolve files> Scanning /Users/arinmehta/Documents/GitHub/STT/Assignment-2/PythonRobotics/PathPlanning/VisibilityRoadMap/__pycache__...
[2025-10-19 01:50:17] [PROGRESS] resolve files> Scanning /Users/arinmehta/Documents/GitHub/STT/Assignment-2/PythonRobotics/PathPlanning/Eta3SplineTrajectory...
[2025-10-19 01:50:17] [PROGRESS] resolve files> Scanning /Users/arinmehta/Documents/GitHub/STT/Assignment-2/PythonRobotics/PathPlanning/Eta3SplineTrajectory/__pycache__...
[2025-10-19 01:50:17] [PROGRESS] resolve files> Scanning /Users/arinmehta/Documents/GitHub/STT/Assignment-2/PythonRobotics/PathPlanning/TimeBasedPathPlanning...
[2025-10-19 01:50:17] [PROGRESS] resolve files> Scanning /Users/arinmehta/Documents/GitHub/STT/Assignment-2/PythonRobotics/PathPlanning/TimeBasedPathPlanning/__pycache__...
[2025-10-19 01:50:17] [PROGRESS] resolve files> Scanning /Users/arinmehta/Documents/GitHub/STT/Assignment-2/PythonRobotics/PathPlanning/DubinsPath...
[2025-10-19 01:50:17] [PROGRESS] resolve files> Scanning /Users/arinmehta/Documents/GitHub/STT/Assignment-2/PythonRobotics/PathPlanning/DubinsPath/__pycache__...
[2025-10-19 01:50:17] [PROGRESS] resolve files> Scanning /Users/arinmehta/Documents/GitHub/STT/Assignment-2/PythonRobotics/PathPlanning/Eta3SplinePath...
[2025-10-19 01:50:17] [PROGRESS] resolve files> Scanning /Users/arinmehta/Documents/GitHub/STT/Assignment-2/PythonRobotics/PathPlanning/Eta3SplinePath/__pycache__...
[2025-10-19 01:50:17] [PROGRESS] resolve files> Scanning /Users/arinmehta/Documents/GitHub/STT/Assignment-2/PythonRobotics/PathPlanning/DynamicMovementPrimitives...
[2025-10-19 01:50:17] [PROGRESS] resolve files> Scanning /Users/arinmehta/Documents/GitHub/STT/Assignment-2/PythonRobotics/PathPlanning/DynamicMovementPrimitives/__pycache__...
[2025-10-19 01:50:17] [PROGRESS] resolve files> Scanning /Users/arinmehta/Documents/GitHub/STT/Assignment-2/PythonRobotics/PathPlanning/__pycache__...
[2025-10-19 01:50:17] [PROGRESS] resolve files> Scanning /Users/arinmehta/Documents/GitHub/STT/Assignment-2/PythonRobotics/PathPlanning/InformedRRTStar...
[2025-10-19 01:50:17] [PROGRESS] resolve files> Scanning /Users/arinmehta/Documents/GitHub/STT/Assignment-2/PythonRobotics/PathPlanning/InformedRRTStar/__pycache__...
[2025-10-19 01:50:17] [PROGRESS] resolve files> Scanning /Users/arinmehta/Documents/GitHub/STT/Assignment-2/PythonRobotics/PathPlanning/BidirectionalAStar...
[2025-10-19 01:50:17] [PROGRESS] resolve files> Scanning /Users/arinmehta/Documents/GitHub/STT/Assignment-2/PythonRobotics/PathPlanning/BidirectionalAStar/__pycache__...
[2025-10-19 01:50:17] [PROGRESS] resolve files> Scanning /Users/arinmehta/Documents/GitHub/STT/Assignment-2/PythonRobotics/PathPlanning/WavefrontCPP...
[2025-10-19 01:50:17] [PROGRESS] resolve files> Scanning /Users/arinmehta/Documents/GitHub/STT/Assignment-2/PythonRobotics/PathPlanning/WavefrontCPP/__pycache__...
[2025-10-19 01:50:17] [PROGRESS] resolve files> Scanning /Users/arinmehta/Documents/GitHub/STT/Assignment-2/PythonRobotics/PathPlanning/WavefrontCPP/map...
[2025-10-19 01:50:17] [PROGRESS] resolve files> Scanning /Users/arinmehta/Documents/GitHub/STT/Assignment-2/PythonRobotics/PathPlanning/BezierPath...
[2025-10-19 01:50:17] [PROGRESS] resolve files> Scanning /Users/arinmehta/Documents/GitHub/STT/Assignment-2/PythonRobotics/PathPlanning/BezierPath/__pycache__...
[2025-10-19 01:50:17] [PROGRESS] resolve files> Scanning /Users/arinmehta/Documents/GitHub/STT/Assignment-2/PythonRobotics/PathPlanning/ElasticBands...
[2025-10-19 01:50:17] [PROGRESS] resolve files> Scanning /Users/arinmehta/Documents/GitHub/STT/Assignment-2/PythonRobotics/PathPlanning/ElasticBands/__pycache__...
[2025-10-19 01:50:17] [PROGRESS] resolve files> Scanning /Users/arinmehta/Documents/GitHub/STT/Assignment-2/PythonRobotics/PathPlanning/ClothoidPath...
[2025-10-19 01:50:17] [PROGRESS] resolve files> Scanning /Users/arinmehta/Documents/GitHub/STT/Assignment-2/PythonRobotics/PathPlanning/ClothoidPath/__pycache__...
[2025-10-19 01:50:17] [PROGRESS] resolve files> Scanning /Users/arinmehta/Documents/GitHub/STT/Assignment-2/PythonRobotics/PathPlanning/RRTDubins...
[2025-10-19 01:50:17] [PROGRESS] resolve files> Scanning /Users/arinmehta/Documents/GitHub/STT/Assignment-2/PythonRobotics/PathPlanning/RRTDubins/__pycache__...
[2025-10-19 01:50:17] [PROGRESS] resolve files> Scanning /Users/arinmehta/Documents/GitHub/STT/Assignment-2/PythonRobotics/PathPlanning/RRTStarReedsShepp...
[2025-10-19 01:50:17] [PROGRESS] resolve files> Scanning /Users/arinmehta/Documents/GitHub/STT/Assignment-2/PythonRobotics/PathPlanning/RRTStarReedsShepp/__pycache__...
[2025-10-19 01:50:17] [PROGRESS] resolve files> Scanning /Users/arinmehta/Documents/GitHub/STT/Assignment-2/PythonRobotics/PathPlanning/LQRPlanner...
[2025-10-19 01:50:17] [PROGRESS] resolve files> Scanning /Users/arinmehta/Documents/GitHub/STT/Assignment-2/PythonRobotics/PathPlanning/LQRPlanner/__pycache__...
[2025-10-19 01:50:17] [PROGRESS] resolve files> Scanning /Users/arinmehta/Documents/GitHub/STT/Assignment-2/PythonRobotics/PathPlanning/RRT...
[2025-10-19 01:50:17] [PROGRESS] resolve files> Scanning /Users/arinmehta/Documents/GitHub/STT/Assignment-2/PythonRobotics/PathPlanning/RRT/__pycache__...
[2025-10-19 01:50:17] [PROGRESS] resolve files> Scanning /Users/arinmehta/Documents/GitHub/STT/Assignment-2/PythonRobotics/PathPlanning/RRT/sobol...
[2025-10-19 01:50:17] [PROGRESS] resolve files> Scanning /Users/arinmehta/Documents/GitHub/STT/Assignment-2/PythonRobotics/PathPlanning/RRT/sobol/__pycache__...
[2025-10-19 01:50:17] [PROGRESS] resolve files> Scanning /Users/arinmehta/Documents/GitHub/STT/Assignment-2/PythonRobotics/PathPlanning/SpiralSpanningTreeCPP...
[2025-10-19 01:50:17] [PROGRESS] resolve files> Scanning /Users/arinmehta/Documents/GitHub/STT/Assignment-2/PythonRobotics/PathPlanning/SpiralSpanningTreeCPP/__pycache__...
[2025-10-19 01:50:17] [PROGRESS] resolve files> Scanning /Users/arinmehta/Documents/GitHub/STT/Assignment-2/PythonRobotics/PathPlanning/SpiralSpanningTreeCPP/map...
[2025-10-19 01:50:17] [PROGRESS] resolve files> Scanning /Users/arinmehta/Documents/GitHub/STT/Assignment-2/PythonRobotics/PathPlanning/BugPlanning...
[2025-10-19 01:50:17] [PROGRESS] resolve files> Scanning /Users/arinmehta/Documents/GitHub/STT/Assignment-2/PythonRobotics/PathPlanning/BugPlanning/__pycache__...
[2025-10-19 01:50:17] [PROGRESS] resolve files> Scanning /Users/arinmehta/Documents/GitHub/STT/Assignment-2/PythonRobotics/PathPlanning/BatchInformedRRTStar...
[2025-10-19 01:50:17] [PROGRESS] resolve files> Scanning /Users/arinmehta/Documents/GitHub/STT/Assignment-2/PythonRobotics/PathPlanning/BatchInformedRRTStar/__pycache__...
[2025-10-19 01:50:17] [PROGRESS] resolve files> Scanning /Users/arinmehta/Documents/GitHub/STT/Assignment-2/PythonRobotics/PathPlanning/RRTStar...
[2025-10-19 01:50:17] [PROGRESS] resolve files> Scanning /Users/arinmehta/Documents/GitHub/STT/Assignment-2/PythonRobotics/PathPlanning/RRTStar/__pycache__...
[2025-10-19 01:50:17] [PROGRESS] resolve files> Scanning /Users/arinmehta/Documents/GitHub/STT/Assignment-2/PythonRobotics/PathPlanning/Dijkstra...
[2025-10-19 01:50:17] [PROGRESS] resolve files> Scanning /Users/arinmehta/Documents/GitHub/STT/Assignment-2/PythonRobotics/PathPlanning/Dijkstra/__pycache__...
[2025-10-19 01:50:17] [PROGRESS] resolve files> Scanning /Users/arinmehta/Documents/GitHub/STT/Assignment-2/PythonRobotics/PathPlanning/DynamicWindowApproach...
[2025-10-19 01:50:17] [PROGRESS] resolve files> Scanning /Users/arinmehta/Documents/GitHub/STT/Assignment-2/PythonRobotics/PathPlanning/DynamicWindowApproach/__pycache__...
[2025-10-19 01:50:17] [PROGRESS] resolve files> Scanning /Users/arinmehta/Documents/GitHub/STT/Assignment-2/PythonRobotics/PathPlanning/CubicSpline...
[2025-10-19 01:50:17] [PROGRESS] resolve files> Scanning /Users/arinmehta/Documents/GitHub/STT/Assignment-2/PythonRobotics/PathPlanning/CubicSpline/__pycache__...
[2025-10-19 01:50:17] [PROGRESS] resolve files> Scanning /Users/arinmehta/Documents/GitHub/STT/Assignment-2/PythonRobotics/PathPlanning/Catmull_RomSplinePath...
[2025-10-19 01:50:17] [PROGRESS] resolve files> Scanning /Users/arinmehta/Documents/GitHub/STT/Assignment-2/PythonRobotics/PathPlanning/Catmull_RomSplinePath/__pycache__...
[2025-10-19 01:50:17] [PROGRESS] resolve files> Scanning /Users/arinmehta/Documents/GitHub/STT/Assignment-2/PythonRobotics/PathPlanning/PotentialFieldPlanning...
[2025-10-19 01:50:17] [PROGRESS] resolve files> Scanning /Users/arinmehta/Documents/GitHub/STT/Assignment-2/PythonRobotics/PathPlanning/PotentialFieldPlanning/__pycache__...
[2025-10-19 01:50:17] [PROGRESS] resolve files> Scanning /Users/arinmehta/Documents/GitHub/STT/Assignment-2/PythonRobotics/PathPlanning/ProbabilisticRoadMap...
[2025-10-19 01:50:17] [PROGRESS] resolve files> Scanning /Users/arinmehta/Documents/GitHub/STT/Assignment-2/PythonRobotics/PathPlanning/ProbabilisticRoadMap/__pycache__...
[2025-10-19 01:50:17] [PROGRESS] resolve files> Scanning /Users/arinmehta/Documents/GitHub/STT/Assignment-2/PythonRobotics/PathPlanning/QuinticPolynomialsPlanner...
[2025-10-19 01:50:17] [PROGRESS] resolve files> Scanning /Users/arinmehta/Documents/GitHub/STT/Assignment-2/PythonRobotics/PathPlanning/QuinticPolynomialsPlanner/__pycache__...
[2025-10-19 01:50:17] [PROGRESS] resolve files> Scanning /Users/arinmehta/Documents/GitHub/STT/Assignment-2/PythonRobotics/PathPlanning/GreedyBestFirstSearch...
[2025-10-19 01:50:17] [PROGRESS] resolve files> Scanning /Users/arinmehta/Documents/GitHub/STT/Assignment-2/PythonRobotics/PathPlanning/GreedyBestFirstSearch/__pycache__...
[2025-10-19 01:50:17] [PROGRESS] resolve files> Scanning /Users/arinmehta/Documents/GitHub/STT/Assignment-2/PythonRobotics/PathPlanning/DStarLite...
[2025-10-19 01:50:17] [PROGRESS] resolve files> Scanning /Users/arinmehta/Documents/GitHub/STT/Assignment-2/PythonRobotics/PathPlanning/DStarLite/__pycache__...
[2025-10-19 01:50:17] [PROGRESS] resolve files> Scanning /Users/arinmehta/Documents/GitHub/STT/Assignment-2/PythonRobotics/PathPlanning/ClosedLoopRRTStar...
[2025-10-19 01:50:17] [PROGRESS] resolve files> Scanning /Users/arinmehta/Documents/GitHub/STT/Assignment-2/PythonRobotics/PathPlanning/ClosedLoopRRTStar/__pycache__...
[2025-10-19 01:50:17] [PROGRESS] resolve files> Scanning /Users/arinmehta/Documents/GitHub/STT/Assignment-2/PythonRobotics/PathPlanning/RRTStarDubins...
[2025-10-19 01:50:17] [PROGRESS] resolve files> Scanning /Users/arinmehta/Documents/GitHub/STT/Assignment-2/PythonRobotics/PathPlanning/RRTStarDubins/__pycache__...
[2025-10-19 01:50:17] [PROGRESS] resolve files> Scanning /Users/arinmehta/Documents/GitHub/STT/Assignment-2/PythonRobotics/PathPlanning/StateLatticePlanner...
[2025-10-19 01:50:17] [PROGRESS] resolve files> Scanning /Users/arinmehta/Documents/GitHub/STT/Assignment-2/PythonRobotics/PathPlanning/StateLatticePlanner/__pycache__...
[2025-10-19 01:50:17] [PROGRESS] resolve files> Scanning /Users/arinmehta/Documents/GitHub/STT/Assignment-2/PythonRobotics/PathPlanning/GridBasedSweepCPP...
[2025-10-19 01:50:17] [PROGRESS] resolve files> Scanning /Users/arinmehta/Documents/GitHub/STT/Assignment-2/PythonRobotics/PathPlanning/GridBasedSweepCPP/__pycache__...
[2025-10-19 01:50:17] [PROGRESS] resolve files> Scanning /Users/arinmehta/Documents/GitHub/STT/Assignment-2/PythonRobotics/Localization...
[2025-10-19 01:50:17] [PROGRESS] resolve files> Scanning /Users/arinmehta/Documents/GitHub/STT/Assignment-2/PythonRobotics/Localization/ensemble_kalman_filter...
[2025-10-19 01:50:17] [PROGRESS] resolve files> Scanning /Users/arinmehta/Documents/GitHub/STT/Assignment-2/PythonRobotics/Localization/ensemble_kalman_filter/__pycache__...
[2025-10-19 01:50:17] [PROGRESS] resolve files> Scanning /Users/arinmehta/Documents/GitHub/STT/Assignment-2/PythonRobotics/Localization/unscented_kalman_filter...
[2025-10-19 01:50:17] [PROGRESS] resolve files> Scanning /Users/arinmehta/Documents/GitHub/STT/Assignment-2/PythonRobotics/Localization/unscented_kalman_filter/__pycache__...
[2025-10-19 01:50:17] [PROGRESS] resolve files> Scanning /Users/arinmehta/Documents/GitHub/STT/Assignment-2/PythonRobotics/Localization/cubature_kalman_filter...
[2025-10-19 01:50:17] [PROGRESS] resolve files> Scanning /Users/arinmehta/Documents/GitHub/STT/Assignment-2/PythonRobotics/Localization/cubature_kalman_filter/__pycache__...
[2025-10-19 01:50:17] [PROGRESS] resolve files> Scanning /Users/arinmehta/Documents/GitHub/STT/Assignment-2/PythonRobotics/Localization/__pycache__...
[2025-10-19 01:50:17] [PROGRESS] resolve files> Scanning /Users/arinmehta/Documents/GitHub/STT/Assignment-2/PythonRobotics/Localization/histogram_filter...
[2025-10-19 01:50:17] [PROGRESS] resolve files> Scanning /Users/arinmehta/Documents/GitHub/STT/Assignment-2/PythonRobotics/Localization/histogram_filter/__pycache__...
[2025-10-19 01:50:17] [PROGRESS] resolve files> Scanning /Users/arinmehta/Documents/GitHub/STT/Assignment-2/PythonRobotics/Localization/extended_kalman_filter...
[2025-10-19 01:50:17] [PROGRESS] resolve files> Scanning /Users/arinmehta/Documents/GitHub/STT/Assignment-2/PythonRobotics/Localization/extended_kalman_filter/__pycache__...
[2025-10-19 01:50:17] [PROGRESS] resolve files> Scanning /Users/arinmehta/Documents/GitHub/STT/Assignment-2/PythonRobotics/Localization/particle_filter...
[2025-10-19 01:50:17] [PROGRESS] resolve files> Scanning /Users/arinmehta/Documents/GitHub/STT/Assignment-2/PythonRobotics/Localization/particle_filter/__pycache__...
[2025-10-19 01:50:17] [PROGRESS] resolve files> Scanning /Users/arinmehta/Documents/GitHub/STT/Assignment-2/PythonRobotics/ArmNavigation...
[2025-10-19 01:50:17] [PROGRESS] resolve files> Scanning /Users/arinmehta/Documents/GitHub/STT/Assignment-2/PythonRobotics/ArmNavigation/arm_obstacle_navigation...
[2025-10-19 01:50:17] [PROGRESS] resolve files> Scanning /Users/arinmehta/Documents/GitHub/STT/Assignment-2/PythonRobotics/ArmNavigation/arm_obstacle_navigation/__pycache__...
[2025-10-19 01:50:17] [PROGRESS] resolve files> Scanning /Users/arinmehta/Documents/GitHub/STT/Assignment-2/PythonRobotics/ArmNavigation/n_joint_arm_3d...
[2025-10-19 01:50:17] [PROGRESS] resolve files> Scanning /Users/arinmehta/Documents/GitHub/STT/Assignment-2/PythonRobotics/ArmNavigation/n_joint_arm_3d/__pycache__...
[2025-10-19 01:50:17] [PROGRESS] resolve files> Scanning /Users/arinmehta/Documents/GitHub/STT/Assignment-2/PythonRobotics/ArmNavigation/__pycache__...
[2025-10-19 01:50:17] [PROGRESS] resolve files> Scanning /Users/arinmehta/Documents/GitHub/STT/Assignment-2/PythonRobotics/ArmNavigation/n_joint_arm_to_point_control...
[2025-10-19 01:50:17] [PROGRESS] resolve files> Scanning /Users/arinmehta/Documents/GitHub/STT/Assignment-2/PythonRobotics/ArmNavigation/n_joint_arm_to_point_control/__pycache__...
[2025-10-19 01:50:17] [PROGRESS] resolve files> Scanning /Users/arinmehta/Documents/GitHub/STT/Assignment-2/PythonRobotics/ArmNavigation/two_joint_arm_to_point_control...
[2025-10-19 01:50:17] [PROGRESS] resolve files> Scanning /Users/arinmehta/Documents/GitHub/STT/Assignment-2/PythonRobotics/ArmNavigation/two_joint_arm_to_point_control/__pycache__...
[2025-10-19 01:50:17] [PROGRESS] resolve files> Scanning /Users/arinmehta/Documents/GitHub/STT/Assignment-2/PythonRobotics/ArmNavigation/rrt_star_seven_joint_arm_control...
[2025-10-19 01:50:17] [PROGRESS] resolve files> Scanning /Users/arinmehta/Documents/GitHub/STT/Assignment-2/PythonRobotics/ArmNavigation/rrt_star_seven_joint_arm_control/__pycache__...
[2025-10-19 01:50:17] Plumbing command codeql resolve files completed:
                      [
                        "/Users/arinmehta/Documents/GitHub/STT/Assignment-2/PythonRobotics/.circleci/config.yml",
                        "/Users/arinmehta/Documents/GitHub/STT/Assignment-2/PythonRobotics/.github/FUNDING.yml",
                        "/Users/arinmehta/Documents/GitHub/STT/Assignment-2/PythonRobotics/.github/codeql/codeql-config.yml",
                        "/Users/arinmehta/Documents/GitHub/STT/Assignment-2/PythonRobotics/.github/dependabot.yml",
                        "/Users/arinmehta/Documents/GitHub/STT/Assignment-2/PythonRobotics/.github/workflows/Linux_CI.yml",
                        "/Users/arinmehta/Documents/GitHub/STT/Assignment-2/PythonRobotics/.github/workflows/MacOS_CI.yml",
                        "/Users/arinmehta/Documents/GitHub/STT/Assignment-2/PythonRobotics/.github/workflows/Windows_CI.yml",
                        "/Users/arinmehta/Documents/GitHub/STT/Assignment-2/PythonRobotics/.github/workflows/circleci-artifacts-redirector.yml",
                        "/Users/arinmehta/Documents/GitHub/STT/Assignment-2/PythonRobotics/.github/workflows/codeql.yml",
                        "/Users/arinmehta/Documents/GitHub/STT/Assignment-2/PythonRobotics/.github/workflows/gh-pages.yml",
                        "/Users/arinmehta/Documents/GitHub/STT/Assignment-2/PythonRobotics/_config.yml",
                        "/Users/arinmehta/Documents/GitHub/STT/Assignment-2/PythonRobotics/appveyor.yml",
                        "/Users/arinmehta/Documents/GitHub/STT/Assignment-2/PythonRobotics/requirements/environment.yml"
                      ]
[2025-10-19 01:50:17] [DETAILS] database index-files> Found 13 files.
[2025-10-19 01:50:17] [PROGRESS] database index-files> /Users/arinmehta/Documents/GitHub/STT/Assignment-2/PythonRobotics-db: Indexing files in in /Users/arinmehta/Documents/GitHub/STT/Assignment-2/PythonRobotics...
[2025-10-19 01:50:17] Using index-files script /opt/homebrew/Caskroom/codeql/2.23.3/codeql/yaml/tools/index-files.sh.
[2025-10-19 01:50:17] [PROGRESS] database index-files> Running command in /Users/arinmehta/Documents/GitHub/STT/Assignment-2/PythonRobotics: [/opt/homebrew/Caskroom/codeql/2.23.3/codeql/yaml/tools/index-files.sh, /Users/arinmehta/Documents/GitHub/STT/Assignment-2/PythonRobotics-db/working/files-to-index9651403751633841415.list]
[2025-10-19 01:50:18] Terminating normally.
